{"/Users/memo/projects/liquid-ui/packages/react/src/components/LiquidButton.tsx": {"path":"/Users/memo/projects/liquid-ui/packages/react/src/components/LiquidButton.tsx","all":false,"statementMap":{"0":{"start":{"line":1,"column":0},"end":{"line":1,"column":83}},"1":{"start":{"line":2,"column":0},"end":{"line":2,"column":27}},"2":{"start":{"line":3,"column":0},"end":{"line":3,"column":56}},"3":{"start":{"line":4,"column":0},"end":{"line":4,"column":66}},"4":{"start":{"line":5,"column":0},"end":{"line":5,"column":72}},"5":{"start":{"line":6,"column":0},"end":{"line":6,"column":0}},"6":{"start":{"line":7,"column":0},"end":{"line":7,"column":24}},"7":{"start":{"line":8,"column":0},"end":{"line":8,"column":12}},"8":{"start":{"line":9,"column":0},"end":{"line":9,"column":11}},"9":{"start":{"line":10,"column":0},"end":{"line":10,"column":11}},"10":{"start":{"line":11,"column":0},"end":{"line":11,"column":14}},"11":{"start":{"line":12,"column":0},"end":{"line":12,"column":1}},"12":{"start":{"line":13,"column":0},"end":{"line":13,"column":0}},"13":{"start":{"line":14,"column":0},"end":{"line":14,"column":3}},"14":{"start":{"line":15,"column":0},"end":{"line":15,"column":52}},"15":{"start":{"line":16,"column":0},"end":{"line":16,"column":3}},"16":{"start":{"line":17,"column":0},"end":{"line":17,"column":91}},"17":{"start":{"line":18,"column":0},"end":{"line":18,"column":57}},"18":{"start":{"line":19,"column":0},"end":{"line":19,"column":3}},"19":{"start":{"line":20,"column":0},"end":{"line":20,"column":74}},"20":{"start":{"line":21,"column":0},"end":{"line":21,"column":3}},"21":{"start":{"line":22,"column":0},"end":{"line":22,"column":5}},"22":{"start":{"line":23,"column":0},"end":{"line":23,"column":26}},"23":{"start":{"line":24,"column":0},"end":{"line":24,"column":28}},"24":{"start":{"line":25,"column":0},"end":{"line":25,"column":26}},"25":{"start":{"line":26,"column":0},"end":{"line":26,"column":25}},"26":{"start":{"line":27,"column":0},"end":{"line":27,"column":30}},"27":{"start":{"line":28,"column":0},"end":{"line":28,"column":34}},"28":{"start":{"line":29,"column":0},"end":{"line":29,"column":18}},"29":{"start":{"line":30,"column":0},"end":{"line":30,"column":24}},"30":{"start":{"line":31,"column":0},"end":{"line":31,"column":22}},"31":{"start":{"line":32,"column":0},"end":{"line":32,"column":15}},"32":{"start":{"line":33,"column":0},"end":{"line":33,"column":16}},"33":{"start":{"line":34,"column":0},"end":{"line":34,"column":16}},"34":{"start":{"line":35,"column":0},"end":{"line":35,"column":15}},"35":{"start":{"line":36,"column":0},"end":{"line":36,"column":15}},"36":{"start":{"line":37,"column":0},"end":{"line":37,"column":12}},"37":{"start":{"line":38,"column":0},"end":{"line":38,"column":14}},"38":{"start":{"line":39,"column":0},"end":{"line":39,"column":6}},"39":{"start":{"line":40,"column":0},"end":{"line":40,"column":7}},"40":{"start":{"line":41,"column":0},"end":{"line":41,"column":8}},"41":{"start":{"line":42,"column":0},"end":{"line":42,"column":53}},"42":{"start":{"line":43,"column":0},"end":{"line":43,"column":53}},"43":{"start":{"line":44,"column":0},"end":{"line":44,"column":62}},"44":{"start":{"line":45,"column":0},"end":{"line":45,"column":59}},"45":{"start":{"line":46,"column":0},"end":{"line":46,"column":53}},"46":{"start":{"line":47,"column":0},"end":{"line":47,"column":73}},"47":{"start":{"line":48,"column":0},"end":{"line":48,"column":4}},"48":{"start":{"line":49,"column":0},"end":{"line":49,"column":28}},"49":{"start":{"line":50,"column":0},"end":{"line":50,"column":44}},"50":{"start":{"line":51,"column":0},"end":{"line":51,"column":14}},"51":{"start":{"line":52,"column":0},"end":{"line":52,"column":16}},"52":{"start":{"line":53,"column":0},"end":{"line":53,"column":14}},"53":{"start":{"line":54,"column":0},"end":{"line":54,"column":18}},"54":{"start":{"line":55,"column":0},"end":{"line":55,"column":22}},"55":{"start":{"line":56,"column":0},"end":{"line":56,"column":25}},"56":{"start":{"line":57,"column":0},"end":{"line":57,"column":6}},"57":{"start":{"line":58,"column":0},"end":{"line":58,"column":4}},"58":{"start":{"line":59,"column":0},"end":{"line":59,"column":34}},"59":{"start":{"line":60,"column":0},"end":{"line":60,"column":89}},"60":{"start":{"line":61,"column":0},"end":{"line":61,"column":28}},"61":{"start":{"line":62,"column":0},"end":{"line":62,"column":52}},"62":{"start":{"line":63,"column":0},"end":{"line":63,"column":29}},"63":{"start":{"line":64,"column":0},"end":{"line":64,"column":29}},"64":{"start":{"line":65,"column":0},"end":{"line":65,"column":7}},"65":{"start":{"line":66,"column":0},"end":{"line":66,"column":6}},"66":{"start":{"line":67,"column":0},"end":{"line":67,"column":4}},"67":{"start":{"line":68,"column":0},"end":{"line":68,"column":41}},"68":{"start":{"line":69,"column":0},"end":{"line":69,"column":21}},"69":{"start":{"line":70,"column":0},"end":{"line":70,"column":20}},"70":{"start":{"line":71,"column":0},"end":{"line":71,"column":72}},"71":{"start":{"line":72,"column":0},"end":{"line":72,"column":38}},"72":{"start":{"line":73,"column":0},"end":{"line":73,"column":7}},"73":{"start":{"line":74,"column":0},"end":{"line":74,"column":10}},"74":{"start":{"line":75,"column":0},"end":{"line":75,"column":4}},"75":{"start":{"line":76,"column":0},"end":{"line":76,"column":27}},"76":{"start":{"line":77,"column":0},"end":{"line":77,"column":86}},"77":{"start":{"line":78,"column":0},"end":{"line":78,"column":37}},"78":{"start":{"line":79,"column":0},"end":{"line":79,"column":6}},"79":{"start":{"line":80,"column":0},"end":{"line":80,"column":38}},"80":{"start":{"line":81,"column":0},"end":{"line":81,"column":25}},"81":{"start":{"line":82,"column":0},"end":{"line":82,"column":6}},"82":{"start":{"line":83,"column":0},"end":{"line":83,"column":49}},"83":{"start":{"line":84,"column":0},"end":{"line":84,"column":52}},"84":{"start":{"line":85,"column":0},"end":{"line":85,"column":52}},"85":{"start":{"line":86,"column":0},"end":{"line":86,"column":51}},"86":{"start":{"line":87,"column":0},"end":{"line":87,"column":6}},"87":{"start":{"line":88,"column":0},"end":{"line":88,"column":36}},"88":{"start":{"line":89,"column":0},"end":{"line":89,"column":34}},"89":{"start":{"line":90,"column":0},"end":{"line":90,"column":10}},"90":{"start":{"line":91,"column":0},"end":{"line":91,"column":10}},"91":{"start":{"line":92,"column":0},"end":{"line":92,"column":12}},"92":{"start":{"line":93,"column":0},"end":{"line":93,"column":7}},"93":{"start":{"line":94,"column":0},"end":{"line":94,"column":6}},"94":{"start":{"line":95,"column":0},"end":{"line":95,"column":43}},"95":{"start":{"line":96,"column":0},"end":{"line":96,"column":6}},"96":{"start":{"line":97,"column":0},"end":{"line":97,"column":38}},"97":{"start":{"line":98,"column":0},"end":{"line":98,"column":40}},"98":{"start":{"line":99,"column":0},"end":{"line":99,"column":64}},"99":{"start":{"line":100,"column":0},"end":{"line":100,"column":48}},"100":{"start":{"line":101,"column":0},"end":{"line":101,"column":13}},"101":{"start":{"line":102,"column":0},"end":{"line":102,"column":6}},"102":{"start":{"line":103,"column":0},"end":{"line":103,"column":52}},"103":{"start":{"line":104,"column":0},"end":{"line":104,"column":27}},"104":{"start":{"line":105,"column":0},"end":{"line":105,"column":4}},"105":{"start":{"line":106,"column":0},"end":{"line":106,"column":19}},"106":{"start":{"line":107,"column":0},"end":{"line":107,"column":25}},"107":{"start":{"line":108,"column":0},"end":{"line":108,"column":45}},"108":{"start":{"line":109,"column":0},"end":{"line":109,"column":47}},"109":{"start":{"line":110,"column":0},"end":{"line":110,"column":42}},"110":{"start":{"line":111,"column":0},"end":{"line":111,"column":5}},"111":{"start":{"line":112,"column":0},"end":{"line":112,"column":4}},"112":{"start":{"line":113,"column":0},"end":{"line":113,"column":26}},"113":{"start":{"line":114,"column":0},"end":{"line":114,"column":82}},"114":{"start":{"line":115,"column":0},"end":{"line":115,"column":24}},"115":{"start":{"line":116,"column":0},"end":{"line":116,"column":29}},"116":{"start":{"line":117,"column":0},"end":{"line":117,"column":46}},"117":{"start":{"line":118,"column":0},"end":{"line":118,"column":4}},"118":{"start":{"line":119,"column":0},"end":{"line":119,"column":82}},"119":{"start":{"line":120,"column":0},"end":{"line":120,"column":24}},"120":{"start":{"line":121,"column":0},"end":{"line":121,"column":25}},"121":{"start":{"line":122,"column":0},"end":{"line":122,"column":29}},"122":{"start":{"line":123,"column":0},"end":{"line":123,"column":46}},"123":{"start":{"line":124,"column":0},"end":{"line":124,"column":4}},"124":{"start":{"line":125,"column":0},"end":{"line":125,"column":81}},"125":{"start":{"line":126,"column":0},"end":{"line":126,"column":24}},"126":{"start":{"line":127,"column":0},"end":{"line":127,"column":28}},"127":{"start":{"line":128,"column":0},"end":{"line":128,"column":44}},"128":{"start":{"line":129,"column":0},"end":{"line":129,"column":4}},"129":{"start":{"line":130,"column":0},"end":{"line":130,"column":81}},"130":{"start":{"line":131,"column":0},"end":{"line":131,"column":24}},"131":{"start":{"line":132,"column":0},"end":{"line":132,"column":21}},"132":{"start":{"line":133,"column":0},"end":{"line":133,"column":28}},"133":{"start":{"line":134,"column":0},"end":{"line":134,"column":41}},"134":{"start":{"line":135,"column":0},"end":{"line":135,"column":4}},"135":{"start":{"line":136,"column":0},"end":{"line":136,"column":79}},"136":{"start":{"line":137,"column":0},"end":{"line":137,"column":25}},"137":{"start":{"line":138,"column":0},"end":{"line":138,"column":26}},"138":{"start":{"line":139,"column":0},"end":{"line":139,"column":25}},"139":{"start":{"line":140,"column":0},"end":{"line":140,"column":4}},"140":{"start":{"line":141,"column":0},"end":{"line":141,"column":77}},"141":{"start":{"line":142,"column":0},"end":{"line":142,"column":27}},"142":{"start":{"line":143,"column":0},"end":{"line":143,"column":24}},"143":{"start":{"line":144,"column":0},"end":{"line":144,"column":23}},"144":{"start":{"line":145,"column":0},"end":{"line":145,"column":4}},"145":{"start":{"line":146,"column":0},"end":{"line":146,"column":76}},"146":{"start":{"line":147,"column":0},"end":{"line":147,"column":28}},"147":{"start":{"line":148,"column":0},"end":{"line":148,"column":23}},"148":{"start":{"line":149,"column":0},"end":{"line":149,"column":22}},"149":{"start":{"line":150,"column":0},"end":{"line":150,"column":4}},"150":{"start":{"line":151,"column":0},"end":{"line":151,"column":82}},"151":{"start":{"line":152,"column":0},"end":{"line":152,"column":47}},"152":{"start":{"line":153,"column":0},"end":{"line":153,"column":26}},"153":{"start":{"line":154,"column":0},"end":{"line":154,"column":55}},"154":{"start":{"line":155,"column":0},"end":{"line":155,"column":32}},"155":{"start":{"line":156,"column":0},"end":{"line":156,"column":64}},"156":{"start":{"line":157,"column":0},"end":{"line":157,"column":29}},"157":{"start":{"line":158,"column":0},"end":{"line":158,"column":48}},"158":{"start":{"line":159,"column":0},"end":{"line":159,"column":47}},"159":{"start":{"line":160,"column":0},"end":{"line":160,"column":50}},"160":{"start":{"line":161,"column":0},"end":{"line":161,"column":33}},"161":{"start":{"line":162,"column":0},"end":{"line":162,"column":9}},"162":{"start":{"line":163,"column":0},"end":{"line":163,"column":7}},"163":{"start":{"line":164,"column":0},"end":{"line":164,"column":26}},"164":{"start":{"line":165,"column":0},"end":{"line":165,"column":39}},"165":{"start":{"line":166,"column":0},"end":{"line":166,"column":4}},"166":{"start":{"line":167,"column":0},"end":{"line":167,"column":80}},"167":{"start":{"line":168,"column":0},"end":{"line":168,"column":47}},"168":{"start":{"line":169,"column":0},"end":{"line":169,"column":27}},"169":{"start":{"line":170,"column":0},"end":{"line":170,"column":7}},"170":{"start":{"line":171,"column":0},"end":{"line":171,"column":24}},"171":{"start":{"line":172,"column":0},"end":{"line":172,"column":23}},"172":{"start":{"line":173,"column":0},"end":{"line":173,"column":4}},"173":{"start":{"line":174,"column":0},"end":{"line":174,"column":20}},"174":{"start":{"line":175,"column":0},"end":{"line":175,"column":25}},"175":{"start":{"line":176,"column":0},"end":{"line":176,"column":27}},"176":{"start":{"line":177,"column":0},"end":{"line":177,"column":22}},"177":{"start":{"line":178,"column":0},"end":{"line":178,"column":17}},"178":{"start":{"line":179,"column":0},"end":{"line":179,"column":20}},"179":{"start":{"line":180,"column":0},"end":{"line":180,"column":21}},"180":{"start":{"line":181,"column":0},"end":{"line":181,"column":23}},"181":{"start":{"line":182,"column":0},"end":{"line":182,"column":14}},"182":{"start":{"line":183,"column":0},"end":{"line":183,"column":20}},"183":{"start":{"line":184,"column":0},"end":{"line":184,"column":19}},"184":{"start":{"line":185,"column":0},"end":{"line":185,"column":15}},"185":{"start":{"line":186,"column":0},"end":{"line":186,"column":24}},"186":{"start":{"line":187,"column":0},"end":{"line":187,"column":23}},"187":{"start":{"line":188,"column":0},"end":{"line":188,"column":21}},"188":{"start":{"line":189,"column":0},"end":{"line":189,"column":17}},"189":{"start":{"line":190,"column":0},"end":{"line":190,"column":27}},"190":{"start":{"line":191,"column":0},"end":{"line":191,"column":23}},"191":{"start":{"line":192,"column":0},"end":{"line":192,"column":17}},"192":{"start":{"line":193,"column":0},"end":{"line":193,"column":27}},"193":{"start":{"line":194,"column":0},"end":{"line":194,"column":24}},"194":{"start":{"line":195,"column":0},"end":{"line":195,"column":33}},"195":{"start":{"line":196,"column":0},"end":{"line":196,"column":8}},"196":{"start":{"line":197,"column":0},"end":{"line":197,"column":22}},"197":{"start":{"line":198,"column":0},"end":{"line":198,"column":6}},"198":{"start":{"line":199,"column":0},"end":{"line":199,"column":20}},"199":{"start":{"line":200,"column":0},"end":{"line":200,"column":24}},"200":{"start":{"line":201,"column":0},"end":{"line":201,"column":6}},"201":{"start":{"line":202,"column":0},"end":{"line":202,"column":21}},"202":{"start":{"line":203,"column":0},"end":{"line":203,"column":28}},"203":{"start":{"line":204,"column":0},"end":{"line":204,"column":6}},"204":{"start":{"line":205,"column":0},"end":{"line":205,"column":21}},"205":{"start":{"line":206,"column":0},"end":{"line":206,"column":32}},"206":{"start":{"line":207,"column":0},"end":{"line":207,"column":26}},"207":{"start":{"line":208,"column":0},"end":{"line":208,"column":35}},"208":{"start":{"line":209,"column":0},"end":{"line":209,"column":30}},"209":{"start":{"line":210,"column":0},"end":{"line":210,"column":36}},"210":{"start":{"line":211,"column":0},"end":{"line":211,"column":22}},"211":{"start":{"line":212,"column":0},"end":{"line":212,"column":22}},"212":{"start":{"line":213,"column":0},"end":{"line":213,"column":31}},"213":{"start":{"line":214,"column":0},"end":{"line":214,"column":26}},"214":{"start":{"line":215,"column":0},"end":{"line":215,"column":9}},"215":{"start":{"line":216,"column":0},"end":{"line":216,"column":8}},"216":{"start":{"line":217,"column":0},"end":{"line":217,"column":6}},"217":{"start":{"line":218,"column":0},"end":{"line":218,"column":24}},"218":{"start":{"line":219,"column":0},"end":{"line":219,"column":32}},"219":{"start":{"line":220,"column":0},"end":{"line":220,"column":21}},"220":{"start":{"line":221,"column":0},"end":{"line":221,"column":29}},"221":{"start":{"line":222,"column":0},"end":{"line":222,"column":29}},"222":{"start":{"line":223,"column":0},"end":{"line":223,"column":8}},"223":{"start":{"line":224,"column":0},"end":{"line":224,"column":6}},"224":{"start":{"line":225,"column":0},"end":{"line":225,"column":27}},"225":{"start":{"line":226,"column":0},"end":{"line":226,"column":63}},"226":{"start":{"line":227,"column":0},"end":{"line":227,"column":6}},"227":{"start":{"line":228,"column":0},"end":{"line":228,"column":15}},"228":{"start":{"line":229,"column":0},"end":{"line":229,"column":5}},"229":{"start":{"line":230,"column":0},"end":{"line":230,"column":4}},"230":{"start":{"line":231,"column":0},"end":{"line":231,"column":21}},"231":{"start":{"line":232,"column":0},"end":{"line":232,"column":28}},"232":{"start":{"line":233,"column":0},"end":{"line":233,"column":21}},"233":{"start":{"line":234,"column":0},"end":{"line":234,"column":14}},"234":{"start":{"line":235,"column":0},"end":{"line":235,"column":5}},"235":{"start":{"line":236,"column":0},"end":{"line":236,"column":4}},"236":{"start":{"line":237,"column":0},"end":{"line":237,"column":32}},"237":{"start":{"line":238,"column":0},"end":{"line":238,"column":34}},"238":{"start":{"line":239,"column":0},"end":{"line":239,"column":10}},"239":{"start":{"line":240,"column":0},"end":{"line":240,"column":21}},"240":{"start":{"line":241,"column":0},"end":{"line":241,"column":26}},"241":{"start":{"line":242,"column":0},"end":{"line":242,"column":28}},"242":{"start":{"line":243,"column":0},"end":{"line":243,"column":52}},"243":{"start":{"line":244,"column":0},"end":{"line":244,"column":7}},"244":{"start":{"line":245,"column":0},"end":{"line":245,"column":12}},"245":{"start":{"line":246,"column":0},"end":{"line":246,"column":42}},"246":{"start":{"line":247,"column":0},"end":{"line":247,"column":21}},"247":{"start":{"line":248,"column":0},"end":{"line":248,"column":29}},"248":{"start":{"line":249,"column":0},"end":{"line":249,"column":28}},"249":{"start":{"line":250,"column":0},"end":{"line":250,"column":9}},"250":{"start":{"line":251,"column":0},"end":{"line":251,"column":17}},"251":{"start":{"line":252,"column":0},"end":{"line":252,"column":34}},"252":{"start":{"line":253,"column":0},"end":{"line":253,"column":19}},"253":{"start":{"line":254,"column":0},"end":{"line":254,"column":19}},"254":{"start":{"line":255,"column":0},"end":{"line":255,"column":18}},"255":{"start":{"line":256,"column":0},"end":{"line":256,"column":33}},"256":{"start":{"line":257,"column":0},"end":{"line":257,"column":27}},"257":{"start":{"line":258,"column":0},"end":{"line":258,"column":12}},"258":{"start":{"line":259,"column":0},"end":{"line":259,"column":15}},"259":{"start":{"line":260,"column":0},"end":{"line":260,"column":34}},"260":{"start":{"line":261,"column":0},"end":{"line":261,"column":31}},"261":{"start":{"line":262,"column":0},"end":{"line":262,"column":127}},"262":{"start":{"line":263,"column":0},"end":{"line":263,"column":12}},"263":{"start":{"line":264,"column":0},"end":{"line":264,"column":14}},"264":{"start":{"line":265,"column":0},"end":{"line":265,"column":51}},"265":{"start":{"line":266,"column":0},"end":{"line":266,"column":12}},"266":{"start":{"line":267,"column":0},"end":{"line":267,"column":5}},"267":{"start":{"line":268,"column":0},"end":{"line":268,"column":4}},"268":{"start":{"line":269,"column":0},"end":{"line":269,"column":12}},"269":{"start":{"line":270,"column":0},"end":{"line":270,"column":13}},"270":{"start":{"line":271,"column":0},"end":{"line":271,"column":24}},"271":{"start":{"line":272,"column":0},"end":{"line":272,"column":55}},"272":{"start":{"line":273,"column":0},"end":{"line":273,"column":42}},"273":{"start":{"line":274,"column":0},"end":{"line":274,"column":21}},"274":{"start":{"line":275,"column":0},"end":{"line":275,"column":27}},"275":{"start":{"line":276,"column":0},"end":{"line":276,"column":84}},"276":{"start":{"line":277,"column":0},"end":{"line":277,"column":11}},"277":{"start":{"line":278,"column":0},"end":{"line":278,"column":88}},"278":{"start":{"line":279,"column":0},"end":{"line":279,"column":10}},"279":{"start":{"line":280,"column":0},"end":{"line":280,"column":27}},"280":{"start":{"line":281,"column":0},"end":{"line":281,"column":30}},"281":{"start":{"line":282,"column":0},"end":{"line":282,"column":38}},"282":{"start":{"line":283,"column":0},"end":{"line":283,"column":43}},"283":{"start":{"line":284,"column":0},"end":{"line":284,"column":27}},"284":{"start":{"line":285,"column":0},"end":{"line":285,"column":99}},"285":{"start":{"line":286,"column":0},"end":{"line":286,"column":35}},"286":{"start":{"line":287,"column":0},"end":{"line":287,"column":35}},"287":{"start":{"line":288,"column":0},"end":{"line":288,"column":33}},"288":{"start":{"line":289,"column":0},"end":{"line":289,"column":33}},"289":{"start":{"line":290,"column":0},"end":{"line":290,"column":29}},"290":{"start":{"line":291,"column":0},"end":{"line":291,"column":25}},"291":{"start":{"line":292,"column":0},"end":{"line":292,"column":23}},"292":{"start":{"line":293,"column":0},"end":{"line":293,"column":29}},"293":{"start":{"line":294,"column":0},"end":{"line":294,"column":25}},"294":{"start":{"line":295,"column":0},"end":{"line":295,"column":37}},"295":{"start":{"line":296,"column":0},"end":{"line":296,"column":18}},"296":{"start":{"line":297,"column":0},"end":{"line":297,"column":7}},"297":{"start":{"line":298,"column":0},"end":{"line":298,"column":56}},"298":{"start":{"line":299,"column":0},"end":{"line":299,"column":49}},"299":{"start":{"line":300,"column":0},"end":{"line":300,"column":91}},"300":{"start":{"line":301,"column":0},"end":{"line":301,"column":38}},"301":{"start":{"line":302,"column":0},"end":{"line":302,"column":16}},"302":{"start":{"line":303,"column":0},"end":{"line":303,"column":29}},"303":{"start":{"line":304,"column":0},"end":{"line":304,"column":72}},"304":{"start":{"line":305,"column":0},"end":{"line":305,"column":22}},"305":{"start":{"line":306,"column":0},"end":{"line":306,"column":31}},"306":{"start":{"line":307,"column":0},"end":{"line":307,"column":30}},"307":{"start":{"line":308,"column":0},"end":{"line":308,"column":35}},"308":{"start":{"line":309,"column":0},"end":{"line":309,"column":36}},"309":{"start":{"line":310,"column":0},"end":{"line":310,"column":43}},"310":{"start":{"line":311,"column":0},"end":{"line":311,"column":71}},"311":{"start":{"line":312,"column":0},"end":{"line":312,"column":16}},"312":{"start":{"line":313,"column":0},"end":{"line":313,"column":14}},"313":{"start":{"line":314,"column":0},"end":{"line":314,"column":15}},"314":{"start":{"line":315,"column":0},"end":{"line":315,"column":16}},"315":{"start":{"line":316,"column":0},"end":{"line":316,"column":10}},"316":{"start":{"line":317,"column":0},"end":{"line":317,"column":39}},"317":{"start":{"line":318,"column":0},"end":{"line":318,"column":83}},"318":{"start":{"line":319,"column":0},"end":{"line":319,"column":8}},"319":{"start":{"line":320,"column":0},"end":{"line":320,"column":22}},"320":{"start":{"line":321,"column":0},"end":{"line":321,"column":62}},"321":{"start":{"line":322,"column":0},"end":{"line":322,"column":22}},"322":{"start":{"line":323,"column":0},"end":{"line":323,"column":17}},"323":{"start":{"line":324,"column":0},"end":{"line":324,"column":10}},"324":{"start":{"line":325,"column":0},"end":{"line":325,"column":8}},"325":{"start":{"line":326,"column":0},"end":{"line":326,"column":85}},"326":{"start":{"line":327,"column":0},"end":{"line":327,"column":15}},"327":{"start":{"line":328,"column":0},"end":{"line":328,"column":5}},"328":{"start":{"line":329,"column":0},"end":{"line":329,"column":3}},"329":{"start":{"line":330,"column":0},"end":{"line":330,"column":1}},"330":{"start":{"line":331,"column":0},"end":{"line":331,"column":0}},"331":{"start":{"line":332,"column":0},"end":{"line":332,"column":45}},"332":{"start":{"line":333,"column":0},"end":{"line":333,"column":0}},"333":{"start":{"line":334,"column":0},"end":{"line":334,"column":47}},"334":{"start":{"line":335,"column":0},"end":{"line":335,"column":69}},"335":{"start":{"line":336,"column":0},"end":{"line":336,"column":0}},"336":{"start":{"line":337,"column":0},"end":{"line":337,"column":37}},"337":{"start":{"line":338,"column":0},"end":{"line":338,"column":136}},"338":{"start":{"line":339,"column":0},"end":{"line":339,"column":19}},"339":{"start":{"line":340,"column":0},"end":{"line":340,"column":13}},"340":{"start":{"line":341,"column":0},"end":{"line":341,"column":21}},"341":{"start":{"line":342,"column":0},"end":{"line":342,"column":23}},"342":{"start":{"line":343,"column":0},"end":{"line":343,"column":15}},"343":{"start":{"line":344,"column":0},"end":{"line":344,"column":14}},"344":{"start":{"line":345,"column":0},"end":{"line":345,"column":4}},"345":{"start":{"line":346,"column":0},"end":{"line":346,"column":2}},"346":{"start":{"line":347,"column":0},"end":{"line":347,"column":57}},"347":{"start":{"line":348,"column":0},"end":{"line":348,"column":0}},"348":{"start":{"line":349,"column":0},"end":{"line":349,"column":136}},"349":{"start":{"line":350,"column":0},"end":{"line":350,"column":19}},"350":{"start":{"line":351,"column":0},"end":{"line":351,"column":13}},"351":{"start":{"line":352,"column":0},"end":{"line":352,"column":19}},"352":{"start":{"line":353,"column":0},"end":{"line":353,"column":19}},"353":{"start":{"line":354,"column":0},"end":{"line":354,"column":15}},"354":{"start":{"line":355,"column":0},"end":{"line":355,"column":14}},"355":{"start":{"line":356,"column":0},"end":{"line":356,"column":4}},"356":{"start":{"line":357,"column":0},"end":{"line":357,"column":2}},"357":{"start":{"line":358,"column":0},"end":{"line":358,"column":61}},"358":{"start":{"line":359,"column":0},"end":{"line":359,"column":0}},"359":{"start":{"line":360,"column":0},"end":{"line":360,"column":135}},"360":{"start":{"line":361,"column":0},"end":{"line":361,"column":19}},"361":{"start":{"line":362,"column":0},"end":{"line":362,"column":13}},"362":{"start":{"line":363,"column":0},"end":{"line":363,"column":20}},"363":{"start":{"line":364,"column":0},"end":{"line":364,"column":23}},"364":{"start":{"line":365,"column":0},"end":{"line":365,"column":15}},"365":{"start":{"line":366,"column":0},"end":{"line":366,"column":14}},"366":{"start":{"line":367,"column":0},"end":{"line":367,"column":4}},"367":{"start":{"line":368,"column":0},"end":{"line":368,"column":2}},"368":{"start":{"line":369,"column":0},"end":{"line":369,"column":55}},"369":{"start":{"line":370,"column":0},"end":{"line":370,"column":0}},"370":{"start":{"line":371,"column":0},"end":{"line":371,"column":101}},"371":{"start":{"line":372,"column":0},"end":{"line":372,"column":19}},"372":{"start":{"line":373,"column":0},"end":{"line":373,"column":13}},"373":{"start":{"line":374,"column":0},"end":{"line":374,"column":13}},"374":{"start":{"line":375,"column":0},"end":{"line":375,"column":14}},"375":{"start":{"line":376,"column":0},"end":{"line":376,"column":4}},"376":{"start":{"line":377,"column":0},"end":{"line":377,"column":2}},"377":{"start":{"line":378,"column":0},"end":{"line":378,"column":53}},"378":{"start":{"line":379,"column":0},"end":{"line":379,"column":0}},"379":{"start":{"line":380,"column":0},"end":{"line":380,"column":101}},"380":{"start":{"line":381,"column":0},"end":{"line":381,"column":19}},"381":{"start":{"line":382,"column":0},"end":{"line":382,"column":13}},"382":{"start":{"line":383,"column":0},"end":{"line":383,"column":13}},"383":{"start":{"line":384,"column":0},"end":{"line":384,"column":14}},"384":{"start":{"line":385,"column":0},"end":{"line":385,"column":4}},"385":{"start":{"line":386,"column":0},"end":{"line":386,"column":2}},"386":{"start":{"line":387,"column":0},"end":{"line":387,"column":53}}},"s":{"0":1,"1":1,"2":1,"3":1,"4":1,"5":1,"6":1,"7":1,"8":1,"9":1,"10":1,"11":1,"12":1,"13":1,"14":1,"15":1,"16":1,"17":1,"18":1,"19":1,"20":1,"21":280,"22":280,"23":280,"24":280,"25":280,"26":280,"27":280,"28":280,"29":280,"30":280,"31":280,"32":280,"33":280,"34":280,"35":280,"36":280,"37":280,"38":280,"39":280,"40":280,"41":280,"42":280,"43":280,"44":280,"45":280,"46":280,"47":280,"48":280,"49":280,"50":280,"51":280,"52":280,"53":280,"54":280,"55":280,"56":280,"57":280,"58":280,"59":280,"60":280,"61":280,"62":280,"63":12,"64":12,"65":280,"66":280,"67":280,"68":280,"69":127,"70":127,"71":127,"72":127,"73":280,"74":280,"75":280,"76":280,"77":123,"78":123,"79":123,"80":123,"81":123,"82":123,"83":123,"84":123,"85":123,"86":123,"87":123,"88":123,"89":123,"90":123,"91":123,"92":123,"93":123,"94":123,"95":123,"96":123,"97":123,"98":0,"99":0,"100":123,"101":123,"102":123,"103":280,"104":280,"105":280,"106":280,"107":280,"108":280,"109":280,"110":280,"111":280,"112":280,"113":280,"114":12,"115":12,"116":280,"117":280,"118":280,"119":0,"120":0,"121":0,"122":280,"123":280,"124":280,"125":12,"126":12,"127":280,"128":280,"129":280,"130":122,"131":122,"132":122,"133":280,"134":280,"135":280,"136":21,"137":21,"138":280,"139":280,"140":280,"141":6,"142":6,"143":280,"144":280,"145":280,"146":1,"147":1,"148":280,"149":280,"150":280,"151":2,"152":1,"153":1,"154":1,"155":1,"156":1,"157":1,"158":1,"159":1,"160":1,"161":1,"162":1,"163":2,"164":280,"165":280,"166":280,"167":1,"168":1,"169":1,"170":1,"171":280,"172":280,"173":280,"174":280,"175":280,"176":280,"177":280,"178":280,"179":280,"180":280,"181":280,"182":280,"183":280,"184":280,"185":280,"186":280,"187":280,"188":280,"189":280,"190":280,"191":44,"192":44,"193":44,"194":44,"195":44,"196":280,"197":280,"198":280,"199":280,"200":280,"201":280,"202":280,"203":280,"204":280,"205":280,"206":275,"207":275,"208":275,"209":275,"210":275,"211":40,"212":40,"213":40,"214":40,"215":275,"216":280,"217":280,"218":280,"219":5,"220":5,"221":5,"222":5,"223":280,"224":280,"225":280,"226":280,"227":280,"228":280,"229":280,"230":280,"231":280,"232":280,"233":280,"234":280,"235":280,"236":280,"237":280,"238":3,"239":3,"240":3,"241":3,"242":3,"243":3,"244":3,"245":3,"246":3,"247":3,"248":3,"249":3,"250":3,"251":3,"252":3,"253":3,"254":3,"255":3,"256":3,"257":3,"258":3,"259":3,"260":3,"261":3,"262":3,"263":3,"264":3,"265":3,"266":280,"267":280,"268":280,"269":280,"270":280,"271":540,"272":540,"273":0,"274":540,"275":0,"276":0,"277":540,"278":540,"279":280,"280":280,"281":280,"282":280,"283":280,"284":280,"285":280,"286":280,"287":280,"288":280,"289":280,"290":280,"291":280,"292":280,"293":280,"294":280,"295":280,"296":280,"297":280,"298":280,"299":144,"300":144,"301":524,"302":524,"303":524,"304":524,"305":524,"306":524,"307":524,"308":524,"309":524,"310":524,"311":524,"312":524,"313":144,"314":144,"315":280,"316":280,"317":280,"318":280,"319":280,"320":279,"321":279,"322":279,"323":280,"324":280,"325":280,"326":280,"327":280,"328":280,"329":1,"330":1,"331":1,"332":1,"333":1,"334":1,"335":1,"336":1,"337":1,"338":1,"339":1,"340":1,"341":1,"342":1,"343":1,"344":1,"345":1,"346":1,"347":1,"348":1,"349":1,"350":1,"351":1,"352":1,"353":1,"354":1,"355":1,"356":1,"357":1,"358":1,"359":1,"360":0,"361":0,"362":0,"363":0,"364":0,"365":0,"366":0,"367":0,"368":1,"369":1,"370":1,"371":1,"372":1,"373":1,"374":1,"375":1,"376":1,"377":1,"378":1,"379":1,"380":1,"381":1,"382":1,"383":1,"384":1,"385":1,"386":1},"branchMap":{"0":{"type":"branch","line":21,"loc":{"start":{"line":21,"column":2},"end":{"line":329,"column":3}},"locations":[{"start":{"line":21,"column":2},"end":{"line":329,"column":3}}]},"1":{"type":"branch","line":62,"loc":{"start":{"line":62,"column":31},"end":{"line":62,"column":52}},"locations":[{"start":{"line":62,"column":31},"end":{"line":62,"column":52}}]},"2":{"type":"branch","line":191,"loc":{"start":{"line":191,"column":6},"end":{"line":196,"column":8}},"locations":[{"start":{"line":191,"column":6},"end":{"line":196,"column":8}}]},"3":{"type":"branch","line":203,"loc":{"start":{"line":203,"column":6},"end":{"line":203,"column":28}},"locations":[{"start":{"line":203,"column":6},"end":{"line":203,"column":28}}]},"4":{"type":"branch","line":206,"loc":{"start":{"line":206,"column":7},"end":{"line":206,"column":31}},"locations":[{"start":{"line":206,"column":7},"end":{"line":206,"column":31}}]},"5":{"type":"branch","line":206,"loc":{"start":{"line":206,"column":20},"end":{"line":216,"column":8}},"locations":[{"start":{"line":206,"column":20},"end":{"line":216,"column":8}}]},"6":{"type":"branch","line":210,"loc":{"start":{"line":210,"column":8},"end":{"line":210,"column":36}},"locations":[{"start":{"line":210,"column":8},"end":{"line":210,"column":36}}]},"7":{"type":"branch","line":211,"loc":{"start":{"line":211,"column":8},"end":{"line":215,"column":9}},"locations":[{"start":{"line":211,"column":8},"end":{"line":215,"column":9}}]},"8":{"type":"branch","line":219,"loc":{"start":{"line":219,"column":7},"end":{"line":219,"column":31}},"locations":[{"start":{"line":219,"column":7},"end":{"line":219,"column":31}}]},"9":{"type":"branch","line":219,"loc":{"start":{"line":219,"column":19},"end":{"line":223,"column":8}},"locations":[{"start":{"line":219,"column":19},"end":{"line":223,"column":8}}]},"10":{"type":"branch","line":226,"loc":{"start":{"line":226,"column":22},"end":{"line":226,"column":46}},"locations":[{"start":{"line":226,"column":22},"end":{"line":226,"column":46}}]},"11":{"type":"branch","line":226,"loc":{"start":{"line":226,"column":35},"end":{"line":226,"column":63}},"locations":[{"start":{"line":226,"column":35},"end":{"line":226,"column":63}}]},"12":{"type":"branch","line":282,"loc":{"start":{"line":282,"column":18},"end":{"line":282,"column":38}},"locations":[{"start":{"line":282,"column":18},"end":{"line":282,"column":38}}]},"13":{"type":"branch","line":283,"loc":{"start":{"line":283,"column":23},"end":{"line":283,"column":43}},"locations":[{"start":{"line":283,"column":23},"end":{"line":283,"column":43}}]},"14":{"type":"branch","line":285,"loc":{"start":{"line":285,"column":20},"end":{"line":285,"column":79}},"locations":[{"start":{"line":285,"column":20},"end":{"line":285,"column":79}}]},"15":{"type":"branch","line":285,"loc":{"start":{"line":285,"column":64},"end":{"line":285,"column":99}},"locations":[{"start":{"line":285,"column":64},"end":{"line":285,"column":99}}]},"16":{"type":"branch","line":299,"loc":{"start":{"line":299,"column":42},"end":{"line":315,"column":16}},"locations":[{"start":{"line":299,"column":42},"end":{"line":315,"column":16}}]},"17":{"type":"branch","line":317,"loc":{"start":{"line":317,"column":9},"end":{"line":317,"column":39}},"locations":[{"start":{"line":317,"column":9},"end":{"line":317,"column":39}}]},"18":{"type":"branch","line":318,"loc":{"start":{"line":318,"column":10},"end":{"line":318,"column":33}},"locations":[{"start":{"line":318,"column":10},"end":{"line":318,"column":33}}]},"19":{"type":"branch","line":318,"loc":{"start":{"line":318,"column":21},"end":{"line":318,"column":83}},"locations":[{"start":{"line":318,"column":21},"end":{"line":318,"column":83}}]},"20":{"type":"branch","line":320,"loc":{"start":{"line":320,"column":9},"end":{"line":323,"column":17}},"locations":[{"start":{"line":320,"column":9},"end":{"line":323,"column":17}}]},"21":{"type":"branch","line":321,"loc":{"start":{"line":321,"column":27},"end":{"line":321,"column":51}},"locations":[{"start":{"line":321,"column":27},"end":{"line":321,"column":51}}]},"22":{"type":"branch","line":321,"loc":{"start":{"line":321,"column":37},"end":{"line":321,"column":62}},"locations":[{"start":{"line":321,"column":37},"end":{"line":321,"column":62}}]},"23":{"type":"branch","line":326,"loc":{"start":{"line":326,"column":10},"end":{"line":326,"column":34}},"locations":[{"start":{"line":326,"column":10},"end":{"line":326,"column":34}}]},"24":{"type":"branch","line":326,"loc":{"start":{"line":326,"column":21},"end":{"line":326,"column":85}},"locations":[{"start":{"line":326,"column":21},"end":{"line":326,"column":85}}]},"25":{"type":"branch","line":63,"loc":{"start":{"line":63,"column":15},"end":{"line":65,"column":7}},"locations":[{"start":{"line":63,"column":15},"end":{"line":65,"column":7}}]},"26":{"type":"branch","line":69,"loc":{"start":{"line":69,"column":14},"end":{"line":74,"column":7}},"locations":[{"start":{"line":69,"column":14},"end":{"line":74,"column":7}}]},"27":{"type":"branch","line":70,"loc":{"start":{"line":70,"column":13},"end":{"line":73,"column":7}},"locations":[{"start":{"line":70,"column":13},"end":{"line":73,"column":7}}]},"28":{"type":"branch","line":71,"loc":{"start":{"line":71,"column":39},"end":{"line":71,"column":71}},"locations":[{"start":{"line":71,"column":39},"end":{"line":71,"column":71}}]},"29":{"type":"branch","line":77,"loc":{"start":{"line":77,"column":37},"end":{"line":104,"column":7}},"locations":[{"start":{"line":77,"column":37},"end":{"line":104,"column":7}}]},"30":{"type":"branch","line":78,"loc":{"start":{"line":78,"column":31},"end":{"line":78,"column":37}},"locations":[{"start":{"line":78,"column":31},"end":{"line":78,"column":37}}]},"31":{"type":"branch","line":81,"loc":{"start":{"line":81,"column":19},"end":{"line":81,"column":25}},"locations":[{"start":{"line":81,"column":19},"end":{"line":81,"column":25}}]},"32":{"type":"branch","line":95,"loc":{"start":{"line":95,"column":17},"end":{"line":95,"column":42}},"locations":[{"start":{"line":95,"column":17},"end":{"line":95,"column":42}}]},"33":{"type":"branch","line":114,"loc":{"start":{"line":114,"column":37},"end":{"line":117,"column":7}},"locations":[{"start":{"line":114,"column":37},"end":{"line":117,"column":7}}]},"34":{"type":"branch","line":116,"loc":{"start":{"line":116,"column":12},"end":{"line":116,"column":29}},"locations":[{"start":{"line":116,"column":12},"end":{"line":116,"column":29}}]},"35":{"type":"branch","line":125,"loc":{"start":{"line":125,"column":36},"end":{"line":128,"column":7}},"locations":[{"start":{"line":125,"column":36},"end":{"line":128,"column":7}}]},"36":{"type":"branch","line":127,"loc":{"start":{"line":127,"column":12},"end":{"line":127,"column":28}},"locations":[{"start":{"line":127,"column":12},"end":{"line":127,"column":28}}]},"37":{"type":"branch","line":130,"loc":{"start":{"line":130,"column":36},"end":{"line":134,"column":7}},"locations":[{"start":{"line":130,"column":36},"end":{"line":134,"column":7}}]},"38":{"type":"branch","line":133,"loc":{"start":{"line":133,"column":12},"end":{"line":133,"column":28}},"locations":[{"start":{"line":133,"column":12},"end":{"line":133,"column":28}}]},"39":{"type":"branch","line":136,"loc":{"start":{"line":136,"column":34},"end":{"line":139,"column":7}},"locations":[{"start":{"line":136,"column":34},"end":{"line":139,"column":7}}]},"40":{"type":"branch","line":138,"loc":{"start":{"line":138,"column":12},"end":{"line":138,"column":26}},"locations":[{"start":{"line":138,"column":12},"end":{"line":138,"column":26}}]},"41":{"type":"branch","line":141,"loc":{"start":{"line":141,"column":32},"end":{"line":144,"column":7}},"locations":[{"start":{"line":141,"column":32},"end":{"line":144,"column":7}}]},"42":{"type":"branch","line":143,"loc":{"start":{"line":143,"column":12},"end":{"line":143,"column":24}},"locations":[{"start":{"line":143,"column":12},"end":{"line":143,"column":24}}]},"43":{"type":"branch","line":146,"loc":{"start":{"line":146,"column":31},"end":{"line":149,"column":7}},"locations":[{"start":{"line":146,"column":31},"end":{"line":149,"column":7}}]},"44":{"type":"branch","line":148,"loc":{"start":{"line":148,"column":12},"end":{"line":148,"column":23}},"locations":[{"start":{"line":148,"column":12},"end":{"line":148,"column":23}}]},"45":{"type":"branch","line":151,"loc":{"start":{"line":151,"column":34},"end":{"line":165,"column":7}},"locations":[{"start":{"line":151,"column":34},"end":{"line":165,"column":7}}]},"46":{"type":"branch","line":152,"loc":{"start":{"line":152,"column":20},"end":{"line":152,"column":46}},"locations":[{"start":{"line":152,"column":20},"end":{"line":152,"column":46}}]},"47":{"type":"branch","line":152,"loc":{"start":{"line":152,"column":46},"end":{"line":163,"column":7}},"locations":[{"start":{"line":152,"column":46},"end":{"line":163,"column":7}}]},"48":{"type":"branch","line":164,"loc":{"start":{"line":164,"column":12},"end":{"line":164,"column":26}},"locations":[{"start":{"line":164,"column":12},"end":{"line":164,"column":26}}]},"49":{"type":"branch","line":167,"loc":{"start":{"line":167,"column":32},"end":{"line":172,"column":7}},"locations":[{"start":{"line":167,"column":32},"end":{"line":172,"column":7}}]},"50":{"type":"branch","line":168,"loc":{"start":{"line":168,"column":20},"end":{"line":168,"column":46}},"locations":[{"start":{"line":168,"column":20},"end":{"line":168,"column":46}}]},"51":{"type":"branch","line":171,"loc":{"start":{"line":171,"column":12},"end":{"line":171,"column":24}},"locations":[{"start":{"line":171,"column":12},"end":{"line":171,"column":24}}]},"52":{"type":"branch","line":238,"loc":{"start":{"line":238,"column":27},"end":{"line":266,"column":12}},"locations":[{"start":{"line":238,"column":27},"end":{"line":266,"column":12}}]},"53":{"type":"branch","line":271,"loc":{"start":{"line":271,"column":13},"end":{"line":279,"column":10}},"locations":[{"start":{"line":271,"column":13},"end":{"line":279,"column":10}}]},"54":{"type":"branch","line":273,"loc":{"start":{"line":273,"column":41},"end":{"line":275,"column":21}},"locations":[{"start":{"line":273,"column":41},"end":{"line":275,"column":21}}]},"55":{"type":"branch","line":275,"loc":{"start":{"line":275,"column":26},"end":{"line":277,"column":11}},"locations":[{"start":{"line":275,"column":26},"end":{"line":277,"column":11}}]},"56":{"type":"branch","line":301,"loc":{"start":{"line":301,"column":25},"end":{"line":313,"column":14}},"locations":[{"start":{"line":301,"column":25},"end":{"line":313,"column":14}}]},"57":{"type":"branch","line":338,"loc":{"start":{"line":338,"column":119},"end":{"line":346,"column":2}},"locations":[{"start":{"line":338,"column":119},"end":{"line":346,"column":2}}]},"58":{"type":"branch","line":349,"loc":{"start":{"line":349,"column":119},"end":{"line":357,"column":2}},"locations":[{"start":{"line":349,"column":119},"end":{"line":357,"column":2}}]},"59":{"type":"branch","line":371,"loc":{"start":{"line":371,"column":84},"end":{"line":377,"column":2}},"locations":[{"start":{"line":371,"column":84},"end":{"line":377,"column":2}}]},"60":{"type":"branch","line":380,"loc":{"start":{"line":380,"column":84},"end":{"line":386,"column":2}},"locations":[{"start":{"line":380,"column":84},"end":{"line":386,"column":2}}]}},"b":{"0":[280],"1":[278],"2":[44],"3":[0],"4":[278],"5":[275],"6":[111],"7":[40],"8":[278],"9":[5],"10":[278],"11":[275],"12":[278],"13":[278],"14":[3],"15":[277],"16":[144],"17":[3],"18":[277],"19":[2],"20":[279],"21":[3],"22":[276],"23":[277],"24":[2],"25":[12],"26":[127],"27":[127],"28":[123],"29":[123],"30":[0],"31":[0],"32":[123],"33":[12],"34":[0],"35":[12],"36":[0],"37":[122],"38":[0],"39":[21],"40":[0],"41":[6],"42":[0],"43":[1],"44":[0],"45":[2],"46":[1],"47":[1],"48":[0],"49":[1],"50":[0],"51":[0],"52":[3],"53":[540],"54":[0],"55":[0],"56":[524],"57":[1],"58":[1],"59":[1],"60":[1]},"fnMap":{"0":{"name":"onHover","decl":{"start":{"line":63,"column":15},"end":{"line":65,"column":7}},"loc":{"start":{"line":63,"column":15},"end":{"line":65,"column":7}},"line":63},"1":{"name":"LoadingSpinner","decl":{"start":{"line":238,"column":27},"end":{"line":266,"column":12}},"loc":{"start":{"line":238,"column":27},"end":{"line":266,"column":12}},"line":238},"2":{"name":"ref","decl":{"start":{"line":271,"column":13},"end":{"line":279,"column":10}},"loc":{"start":{"line":271,"column":13},"end":{"line":279,"column":10}},"line":271}},"f":{"0":12,"1":3,"2":540}}
,"/Users/memo/projects/liquid-ui/packages/react/src/components/LiquidCard.tsx": {"path":"/Users/memo/projects/liquid-ui/packages/react/src/components/LiquidCard.tsx","all":false,"statementMap":{"0":{"start":{"line":1,"column":0},"end":{"line":1,"column":83}},"1":{"start":{"line":2,"column":0},"end":{"line":2,"column":27}},"2":{"start":{"line":3,"column":0},"end":{"line":3,"column":56}},"3":{"start":{"line":4,"column":0},"end":{"line":4,"column":66}},"4":{"start":{"line":5,"column":0},"end":{"line":5,"column":68}},"5":{"start":{"line":6,"column":0},"end":{"line":6,"column":0}},"6":{"start":{"line":7,"column":0},"end":{"line":7,"column":21}},"7":{"start":{"line":8,"column":0},"end":{"line":8,"column":21}},"8":{"start":{"line":9,"column":0},"end":{"line":9,"column":16}},"9":{"start":{"line":10,"column":0},"end":{"line":10,"column":16}},"10":{"start":{"line":11,"column":0},"end":{"line":11,"column":18}},"11":{"start":{"line":12,"column":0},"end":{"line":12,"column":18}},"12":{"start":{"line":13,"column":0},"end":{"line":13,"column":1}},"13":{"start":{"line":14,"column":0},"end":{"line":14,"column":0}},"14":{"start":{"line":15,"column":0},"end":{"line":15,"column":26}},"15":{"start":{"line":16,"column":0},"end":{"line":16,"column":11}},"16":{"start":{"line":17,"column":0},"end":{"line":17,"column":11}},"17":{"start":{"line":18,"column":0},"end":{"line":18,"column":19}},"18":{"start":{"line":19,"column":0},"end":{"line":19,"column":1}},"19":{"start":{"line":20,"column":0},"end":{"line":20,"column":0}},"20":{"start":{"line":21,"column":0},"end":{"line":21,"column":3}},"21":{"start":{"line":22,"column":0},"end":{"line":22,"column":49}},"22":{"start":{"line":23,"column":0},"end":{"line":23,"column":3}},"23":{"start":{"line":24,"column":0},"end":{"line":24,"column":81}},"24":{"start":{"line":25,"column":0},"end":{"line":25,"column":73}},"25":{"start":{"line":26,"column":0},"end":{"line":26,"column":3}},"26":{"start":{"line":27,"column":0},"end":{"line":27,"column":67}},"27":{"start":{"line":28,"column":0},"end":{"line":28,"column":3}},"28":{"start":{"line":29,"column":0},"end":{"line":29,"column":5}},"29":{"start":{"line":30,"column":0},"end":{"line":30,"column":26}},"30":{"start":{"line":31,"column":0},"end":{"line":31,"column":28}},"31":{"start":{"line":32,"column":0},"end":{"line":32,"column":26}},"32":{"start":{"line":33,"column":0},"end":{"line":33,"column":26}},"33":{"start":{"line":34,"column":0},"end":{"line":34,"column":30}},"34":{"start":{"line":35,"column":0},"end":{"line":35,"column":34}},"35":{"start":{"line":36,"column":0},"end":{"line":36,"column":19}},"36":{"start":{"line":37,"column":0},"end":{"line":37,"column":20}},"37":{"start":{"line":38,"column":0},"end":{"line":38,"column":20}},"38":{"start":{"line":39,"column":0},"end":{"line":39,"column":21}},"39":{"start":{"line":40,"column":0},"end":{"line":40,"column":16}},"40":{"start":{"line":41,"column":0},"end":{"line":41,"column":15}},"41":{"start":{"line":42,"column":0},"end":{"line":42,"column":14}},"42":{"start":{"line":43,"column":0},"end":{"line":43,"column":24}},"43":{"start":{"line":44,"column":0},"end":{"line":44,"column":19}},"44":{"start":{"line":45,"column":0},"end":{"line":45,"column":22}},"45":{"start":{"line":46,"column":0},"end":{"line":46,"column":24}},"46":{"start":{"line":47,"column":0},"end":{"line":47,"column":28}},"47":{"start":{"line":48,"column":0},"end":{"line":48,"column":29}},"48":{"start":{"line":49,"column":0},"end":{"line":49,"column":12}},"49":{"start":{"line":50,"column":0},"end":{"line":50,"column":13}},"50":{"start":{"line":51,"column":0},"end":{"line":51,"column":6}},"51":{"start":{"line":52,"column":0},"end":{"line":52,"column":7}},"52":{"start":{"line":53,"column":0},"end":{"line":53,"column":8}},"53":{"start":{"line":54,"column":0},"end":{"line":54,"column":53}},"54":{"start":{"line":55,"column":0},"end":{"line":55,"column":59}},"55":{"start":{"line":56,"column":0},"end":{"line":56,"column":24}},"56":{"start":{"line":57,"column":0},"end":{"line":57,"column":16}},"57":{"start":{"line":58,"column":0},"end":{"line":58,"column":16}},"58":{"start":{"line":59,"column":0},"end":{"line":59,"column":18}},"59":{"start":{"line":60,"column":0},"end":{"line":60,"column":17}},"60":{"start":{"line":61,"column":0},"end":{"line":61,"column":6}},"61":{"start":{"line":62,"column":0},"end":{"line":62,"column":102}},"62":{"start":{"line":63,"column":0},"end":{"line":63,"column":53}},"63":{"start":{"line":64,"column":0},"end":{"line":64,"column":48}},"64":{"start":{"line":65,"column":0},"end":{"line":65,"column":53}},"65":{"start":{"line":66,"column":0},"end":{"line":66,"column":4}},"66":{"start":{"line":67,"column":0},"end":{"line":67,"column":45}},"67":{"start":{"line":68,"column":0},"end":{"line":68,"column":58}},"68":{"start":{"line":69,"column":0},"end":{"line":69,"column":14}},"69":{"start":{"line":70,"column":0},"end":{"line":70,"column":16}},"70":{"start":{"line":71,"column":0},"end":{"line":71,"column":14}},"71":{"start":{"line":72,"column":0},"end":{"line":72,"column":18}},"72":{"start":{"line":73,"column":0},"end":{"line":73,"column":22}},"73":{"start":{"line":74,"column":0},"end":{"line":74,"column":25}},"74":{"start":{"line":75,"column":0},"end":{"line":75,"column":6}},"75":{"start":{"line":76,"column":0},"end":{"line":76,"column":4}},"76":{"start":{"line":77,"column":0},"end":{"line":77,"column":89}},"77":{"start":{"line":78,"column":0},"end":{"line":78,"column":26}},"78":{"start":{"line":79,"column":0},"end":{"line":79,"column":61}},"79":{"start":{"line":80,"column":0},"end":{"line":80,"column":29}},"80":{"start":{"line":81,"column":0},"end":{"line":81,"column":29}},"81":{"start":{"line":82,"column":0},"end":{"line":82,"column":26}},"82":{"start":{"line":83,"column":0},"end":{"line":83,"column":22}},"83":{"start":{"line":84,"column":0},"end":{"line":84,"column":27}},"84":{"start":{"line":85,"column":0},"end":{"line":85,"column":16}},"85":{"start":{"line":86,"column":0},"end":{"line":86,"column":27}},"86":{"start":{"line":87,"column":0},"end":{"line":87,"column":9}},"87":{"start":{"line":88,"column":0},"end":{"line":88,"column":7}},"88":{"start":{"line":89,"column":0},"end":{"line":89,"column":6}},"89":{"start":{"line":90,"column":0},"end":{"line":90,"column":4}},"90":{"start":{"line":91,"column":0},"end":{"line":91,"column":28}},"91":{"start":{"line":92,"column":0},"end":{"line":92,"column":21}},"92":{"start":{"line":93,"column":0},"end":{"line":93,"column":70}},"93":{"start":{"line":94,"column":0},"end":{"line":94,"column":6}},"94":{"start":{"line":95,"column":0},"end":{"line":95,"column":53}},"95":{"start":{"line":96,"column":0},"end":{"line":96,"column":36}},"96":{"start":{"line":97,"column":0},"end":{"line":97,"column":25}},"97":{"start":{"line":98,"column":0},"end":{"line":98,"column":8}},"98":{"start":{"line":99,"column":0},"end":{"line":99,"column":49}},"99":{"start":{"line":100,"column":0},"end":{"line":100,"column":50}},"100":{"start":{"line":101,"column":0},"end":{"line":101,"column":50}},"101":{"start":{"line":102,"column":0},"end":{"line":102,"column":8}},"102":{"start":{"line":103,"column":0},"end":{"line":103,"column":42}},"103":{"start":{"line":104,"column":0},"end":{"line":104,"column":42}},"104":{"start":{"line":105,"column":0},"end":{"line":105,"column":8}},"105":{"start":{"line":106,"column":0},"end":{"line":106,"column":69}},"106":{"start":{"line":107,"column":0},"end":{"line":107,"column":65}},"107":{"start":{"line":108,"column":0},"end":{"line":108,"column":8}},"108":{"start":{"line":109,"column":0},"end":{"line":109,"column":37}},"109":{"start":{"line":110,"column":0},"end":{"line":110,"column":75}},"110":{"start":{"line":111,"column":0},"end":{"line":111,"column":29}},"111":{"start":{"line":112,"column":0},"end":{"line":112,"column":40}},"112":{"start":{"line":113,"column":0},"end":{"line":113,"column":40}},"113":{"start":{"line":114,"column":0},"end":{"line":114,"column":21}},"114":{"start":{"line":115,"column":0},"end":{"line":115,"column":12}},"115":{"start":{"line":116,"column":0},"end":{"line":116,"column":16}},"116":{"start":{"line":117,"column":0},"end":{"line":117,"column":57}},"117":{"start":{"line":118,"column":0},"end":{"line":118,"column":9}},"118":{"start":{"line":119,"column":0},"end":{"line":119,"column":7}},"119":{"start":{"line":120,"column":0},"end":{"line":120,"column":6}},"120":{"start":{"line":121,"column":0},"end":{"line":121,"column":64}},"121":{"start":{"line":122,"column":0},"end":{"line":122,"column":80}},"122":{"start":{"line":123,"column":0},"end":{"line":123,"column":74}},"123":{"start":{"line":124,"column":0},"end":{"line":124,"column":4}},"124":{"start":{"line":125,"column":0},"end":{"line":125,"column":58}},"125":{"start":{"line":126,"column":0},"end":{"line":126,"column":100}},"126":{"start":{"line":127,"column":0},"end":{"line":127,"column":4}},"127":{"start":{"line":128,"column":0},"end":{"line":128,"column":25}},"128":{"start":{"line":129,"column":0},"end":{"line":129,"column":85}},"129":{"start":{"line":130,"column":0},"end":{"line":130,"column":37}},"130":{"start":{"line":131,"column":0},"end":{"line":131,"column":6}},"131":{"start":{"line":132,"column":0},"end":{"line":132,"column":24}},"132":{"start":{"line":133,"column":0},"end":{"line":133,"column":71}},"133":{"start":{"line":134,"column":0},"end":{"line":134,"column":71}},"134":{"start":{"line":135,"column":0},"end":{"line":135,"column":6}},"135":{"start":{"line":136,"column":0},"end":{"line":136,"column":20}},"136":{"start":{"line":137,"column":0},"end":{"line":137,"column":25}},"137":{"start":{"line":138,"column":0},"end":{"line":138,"column":24}},"138":{"start":{"line":139,"column":0},"end":{"line":139,"column":24}},"139":{"start":{"line":140,"column":0},"end":{"line":140,"column":20}},"140":{"start":{"line":141,"column":0},"end":{"line":141,"column":19}},"141":{"start":{"line":142,"column":0},"end":{"line":142,"column":8}},"142":{"start":{"line":143,"column":0},"end":{"line":143,"column":6}},"143":{"start":{"line":144,"column":0},"end":{"line":144,"column":23}},"144":{"start":{"line":145,"column":0},"end":{"line":145,"column":28}},"145":{"start":{"line":146,"column":0},"end":{"line":146,"column":47}},"146":{"start":{"line":147,"column":0},"end":{"line":147,"column":4}},"147":{"start":{"line":148,"column":0},"end":{"line":148,"column":72}},"148":{"start":{"line":149,"column":0},"end":{"line":149,"column":39}},"149":{"start":{"line":150,"column":0},"end":{"line":150,"column":6}},"150":{"start":{"line":151,"column":0},"end":{"line":151,"column":71}},"151":{"start":{"line":152,"column":0},"end":{"line":152,"column":71}},"152":{"start":{"line":153,"column":0},"end":{"line":153,"column":6}},"153":{"start":{"line":154,"column":0},"end":{"line":154,"column":47}},"154":{"start":{"line":155,"column":0},"end":{"line":155,"column":47}},"155":{"start":{"line":156,"column":0},"end":{"line":156,"column":6}},"156":{"start":{"line":157,"column":0},"end":{"line":157,"column":29}},"157":{"start":{"line":158,"column":0},"end":{"line":158,"column":16}},"158":{"start":{"line":159,"column":0},"end":{"line":159,"column":25}},"159":{"start":{"line":160,"column":0},"end":{"line":160,"column":24}},"160":{"start":{"line":161,"column":0},"end":{"line":161,"column":9}},"161":{"start":{"line":162,"column":0},"end":{"line":162,"column":6}},"162":{"start":{"line":163,"column":0},"end":{"line":163,"column":49}},"163":{"start":{"line":164,"column":0},"end":{"line":164,"column":80}},"164":{"start":{"line":165,"column":0},"end":{"line":165,"column":4}},"165":{"start":{"line":166,"column":0},"end":{"line":166,"column":71}},"166":{"start":{"line":167,"column":0},"end":{"line":167,"column":39}},"167":{"start":{"line":168,"column":0},"end":{"line":168,"column":6}},"168":{"start":{"line":169,"column":0},"end":{"line":169,"column":20}},"169":{"start":{"line":170,"column":0},"end":{"line":170,"column":26}},"170":{"start":{"line":171,"column":0},"end":{"line":171,"column":18}},"171":{"start":{"line":172,"column":0},"end":{"line":172,"column":18}},"172":{"start":{"line":173,"column":0},"end":{"line":173,"column":20}},"173":{"start":{"line":174,"column":0},"end":{"line":174,"column":19}},"174":{"start":{"line":175,"column":0},"end":{"line":175,"column":8}},"175":{"start":{"line":176,"column":0},"end":{"line":176,"column":6}},"176":{"start":{"line":177,"column":0},"end":{"line":177,"column":23}},"177":{"start":{"line":178,"column":0},"end":{"line":178,"column":53}},"178":{"start":{"line":179,"column":0},"end":{"line":179,"column":26}},"179":{"start":{"line":180,"column":0},"end":{"line":180,"column":47}},"180":{"start":{"line":181,"column":0},"end":{"line":181,"column":4}},"181":{"start":{"line":182,"column":0},"end":{"line":182,"column":34}},"182":{"start":{"line":183,"column":0},"end":{"line":183,"column":21}},"183":{"start":{"line":184,"column":0},"end":{"line":184,"column":33}},"184":{"start":{"line":185,"column":0},"end":{"line":185,"column":62}},"185":{"start":{"line":186,"column":0},"end":{"line":186,"column":59}},"186":{"start":{"line":187,"column":0},"end":{"line":187,"column":62}},"187":{"start":{"line":188,"column":0},"end":{"line":188,"column":60}},"188":{"start":{"line":189,"column":0},"end":{"line":189,"column":8}},"189":{"start":{"line":190,"column":0},"end":{"line":190,"column":22}},"190":{"start":{"line":191,"column":0},"end":{"line":191,"column":67}},"191":{"start":{"line":192,"column":0},"end":{"line":192,"column":64}},"192":{"start":{"line":193,"column":0},"end":{"line":193,"column":67}},"193":{"start":{"line":194,"column":0},"end":{"line":194,"column":65}},"194":{"start":{"line":195,"column":0},"end":{"line":195,"column":9}},"195":{"start":{"line":196,"column":0},"end":{"line":196,"column":7}},"196":{"start":{"line":197,"column":0},"end":{"line":197,"column":61}},"197":{"start":{"line":198,"column":0},"end":{"line":198,"column":4}},"198":{"start":{"line":199,"column":0},"end":{"line":199,"column":39}},"199":{"start":{"line":200,"column":0},"end":{"line":200,"column":63}},"200":{"start":{"line":201,"column":0},"end":{"line":201,"column":34}},"201":{"start":{"line":202,"column":0},"end":{"line":202,"column":26}},"202":{"start":{"line":203,"column":0},"end":{"line":203,"column":7}},"203":{"start":{"line":204,"column":0},"end":{"line":204,"column":35}},"204":{"start":{"line":205,"column":0},"end":{"line":205,"column":67}},"205":{"start":{"line":206,"column":0},"end":{"line":206,"column":4}},"206":{"start":{"line":207,"column":0},"end":{"line":207,"column":63}},"207":{"start":{"line":208,"column":0},"end":{"line":208,"column":34}},"208":{"start":{"line":209,"column":0},"end":{"line":209,"column":26}},"209":{"start":{"line":210,"column":0},"end":{"line":210,"column":55}},"210":{"start":{"line":211,"column":0},"end":{"line":211,"column":7}},"211":{"start":{"line":212,"column":0},"end":{"line":212,"column":35}},"212":{"start":{"line":213,"column":0},"end":{"line":213,"column":67}},"213":{"start":{"line":214,"column":0},"end":{"line":214,"column":4}},"214":{"start":{"line":215,"column":0},"end":{"line":215,"column":62}},"215":{"start":{"line":216,"column":0},"end":{"line":216,"column":34}},"216":{"start":{"line":217,"column":0},"end":{"line":217,"column":62}},"217":{"start":{"line":218,"column":0},"end":{"line":218,"column":7}},"218":{"start":{"line":219,"column":0},"end":{"line":219,"column":34}},"219":{"start":{"line":220,"column":0},"end":{"line":220,"column":65}},"220":{"start":{"line":221,"column":0},"end":{"line":221,"column":4}},"221":{"start":{"line":222,"column":0},"end":{"line":222,"column":62}},"222":{"start":{"line":223,"column":0},"end":{"line":223,"column":24}},"223":{"start":{"line":224,"column":0},"end":{"line":224,"column":34}},"224":{"start":{"line":225,"column":0},"end":{"line":225,"column":43}},"225":{"start":{"line":226,"column":0},"end":{"line":226,"column":4}},"226":{"start":{"line":227,"column":0},"end":{"line":227,"column":63}},"227":{"start":{"line":228,"column":0},"end":{"line":228,"column":24}},"228":{"start":{"line":229,"column":0},"end":{"line":229,"column":35}},"229":{"start":{"line":230,"column":0},"end":{"line":230,"column":44}},"230":{"start":{"line":231,"column":0},"end":{"line":231,"column":4}},"231":{"start":{"line":232,"column":0},"end":{"line":232,"column":58}},"232":{"start":{"line":233,"column":0},"end":{"line":233,"column":63}},"233":{"start":{"line":234,"column":0},"end":{"line":234,"column":52}},"234":{"start":{"line":235,"column":0},"end":{"line":235,"column":80}},"235":{"start":{"line":236,"column":0},"end":{"line":236,"column":26}},"236":{"start":{"line":237,"column":0},"end":{"line":237,"column":32}},"237":{"start":{"line":238,"column":0},"end":{"line":238,"column":7}},"238":{"start":{"line":239,"column":0},"end":{"line":239,"column":6}},"239":{"start":{"line":240,"column":0},"end":{"line":240,"column":55}},"240":{"start":{"line":241,"column":0},"end":{"line":241,"column":132}},"241":{"start":{"line":242,"column":0},"end":{"line":242,"column":26}},"242":{"start":{"line":243,"column":0},"end":{"line":243,"column":59}},"243":{"start":{"line":244,"column":0},"end":{"line":244,"column":36}},"244":{"start":{"line":245,"column":0},"end":{"line":245,"column":32}},"245":{"start":{"line":246,"column":0},"end":{"line":246,"column":63}},"246":{"start":{"line":247,"column":0},"end":{"line":247,"column":21}},"247":{"start":{"line":248,"column":0},"end":{"line":248,"column":26}},"248":{"start":{"line":249,"column":0},"end":{"line":249,"column":31}},"249":{"start":{"line":250,"column":0},"end":{"line":250,"column":49}},"250":{"start":{"line":251,"column":0},"end":{"line":251,"column":49}},"251":{"start":{"line":252,"column":0},"end":{"line":252,"column":26}},"252":{"start":{"line":253,"column":0},"end":{"line":253,"column":25}},"253":{"start":{"line":254,"column":0},"end":{"line":254,"column":14}},"254":{"start":{"line":255,"column":0},"end":{"line":255,"column":41}},"255":{"start":{"line":256,"column":0},"end":{"line":256,"column":11}},"256":{"start":{"line":257,"column":0},"end":{"line":257,"column":16}},"257":{"start":{"line":258,"column":0},"end":{"line":258,"column":36}},"258":{"start":{"line":259,"column":0},"end":{"line":259,"column":50}},"259":{"start":{"line":260,"column":0},"end":{"line":260,"column":24}},"260":{"start":{"line":261,"column":0},"end":{"line":261,"column":24}},"261":{"start":{"line":262,"column":0},"end":{"line":262,"column":10}},"262":{"start":{"line":263,"column":0},"end":{"line":263,"column":26}},"263":{"start":{"line":264,"column":0},"end":{"line":264,"column":29}},"264":{"start":{"line":265,"column":0},"end":{"line":265,"column":36}},"265":{"start":{"line":266,"column":0},"end":{"line":266,"column":19}},"266":{"start":{"line":267,"column":0},"end":{"line":267,"column":30}},"267":{"start":{"line":268,"column":0},"end":{"line":268,"column":35}},"268":{"start":{"line":269,"column":0},"end":{"line":269,"column":19}},"269":{"start":{"line":270,"column":0},"end":{"line":270,"column":27}},"270":{"start":{"line":271,"column":0},"end":{"line":271,"column":36}},"271":{"start":{"line":272,"column":0},"end":{"line":272,"column":19}},"272":{"start":{"line":273,"column":0},"end":{"line":273,"column":29}},"273":{"start":{"line":274,"column":0},"end":{"line":274,"column":35}},"274":{"start":{"line":275,"column":0},"end":{"line":275,"column":19}},"275":{"start":{"line":276,"column":0},"end":{"line":276,"column":11}},"276":{"start":{"line":277,"column":0},"end":{"line":277,"column":10}},"277":{"start":{"line":278,"column":0},"end":{"line":278,"column":33}},"278":{"start":{"line":279,"column":0},"end":{"line":279,"column":20}},"279":{"start":{"line":280,"column":0},"end":{"line":280,"column":45}},"280":{"start":{"line":281,"column":0},"end":{"line":281,"column":44}},"281":{"start":{"line":282,"column":0},"end":{"line":282,"column":13}},"282":{"start":{"line":283,"column":0},"end":{"line":283,"column":10}},"283":{"start":{"line":284,"column":0},"end":{"line":284,"column":102}},"284":{"start":{"line":285,"column":0},"end":{"line":285,"column":9}},"285":{"start":{"line":286,"column":0},"end":{"line":286,"column":7}},"286":{"start":{"line":287,"column":0},"end":{"line":287,"column":6}},"287":{"start":{"line":288,"column":0},"end":{"line":288,"column":51}},"288":{"start":{"line":289,"column":0},"end":{"line":289,"column":55}},"289":{"start":{"line":290,"column":0},"end":{"line":290,"column":26}},"290":{"start":{"line":291,"column":0},"end":{"line":291,"column":22}},"291":{"start":{"line":292,"column":0},"end":{"line":292,"column":28}},"292":{"start":{"line":293,"column":0},"end":{"line":293,"column":20}},"293":{"start":{"line":294,"column":0},"end":{"line":294,"column":20}},"294":{"start":{"line":295,"column":0},"end":{"line":295,"column":22}},"295":{"start":{"line":296,"column":0},"end":{"line":296,"column":21}},"296":{"start":{"line":297,"column":0},"end":{"line":297,"column":10}},"297":{"start":{"line":298,"column":0},"end":{"line":298,"column":25}},"298":{"start":{"line":299,"column":0},"end":{"line":299,"column":55}},"299":{"start":{"line":300,"column":0},"end":{"line":300,"column":35}},"300":{"start":{"line":301,"column":0},"end":{"line":301,"column":7}},"301":{"start":{"line":302,"column":0},"end":{"line":302,"column":6}},"302":{"start":{"line":303,"column":0},"end":{"line":303,"column":32}},"303":{"start":{"line":304,"column":0},"end":{"line":304,"column":132}},"304":{"start":{"line":305,"column":0},"end":{"line":305,"column":4}},"305":{"start":{"line":306,"column":0},"end":{"line":306,"column":22}},"306":{"start":{"line":307,"column":0},"end":{"line":307,"column":28}},"307":{"start":{"line":308,"column":0},"end":{"line":308,"column":16}},"308":{"start":{"line":309,"column":0},"end":{"line":309,"column":16}},"309":{"start":{"line":310,"column":0},"end":{"line":310,"column":16}},"310":{"start":{"line":311,"column":0},"end":{"line":311,"column":16}},"311":{"start":{"line":312,"column":0},"end":{"line":312,"column":5}},"312":{"start":{"line":313,"column":0},"end":{"line":313,"column":4}},"313":{"start":{"line":314,"column":0},"end":{"line":314,"column":24}},"314":{"start":{"line":315,"column":0},"end":{"line":315,"column":25}},"315":{"start":{"line":316,"column":0},"end":{"line":316,"column":31}},"316":{"start":{"line":317,"column":0},"end":{"line":317,"column":20}},"317":{"start":{"line":318,"column":0},"end":{"line":318,"column":17}},"318":{"start":{"line":319,"column":0},"end":{"line":319,"column":24}},"319":{"start":{"line":320,"column":0},"end":{"line":320,"column":23}},"320":{"start":{"line":321,"column":0},"end":{"line":321,"column":21}},"321":{"start":{"line":322,"column":0},"end":{"line":322,"column":17}},"322":{"start":{"line":323,"column":0},"end":{"line":323,"column":19}},"323":{"start":{"line":324,"column":0},"end":{"line":324,"column":6}},"324":{"start":{"line":325,"column":0},"end":{"line":325,"column":29}},"325":{"start":{"line":326,"column":0},"end":{"line":326,"column":24}},"326":{"start":{"line":327,"column":0},"end":{"line":327,"column":24}},"327":{"start":{"line":328,"column":0},"end":{"line":328,"column":30}},"328":{"start":{"line":329,"column":0},"end":{"line":329,"column":6}},"329":{"start":{"line":330,"column":0},"end":{"line":330,"column":23}},"330":{"start":{"line":331,"column":0},"end":{"line":331,"column":30}},"331":{"start":{"line":332,"column":0},"end":{"line":332,"column":6}},"332":{"start":{"line":333,"column":0},"end":{"line":333,"column":22}},"333":{"start":{"line":334,"column":0},"end":{"line":334,"column":66}},"334":{"start":{"line":335,"column":0},"end":{"line":335,"column":6}},"335":{"start":{"line":336,"column":0},"end":{"line":336,"column":45}},"336":{"start":{"line":337,"column":0},"end":{"line":337,"column":17}},"337":{"start":{"line":338,"column":0},"end":{"line":338,"column":41}},"338":{"start":{"line":339,"column":0},"end":{"line":339,"column":41}},"339":{"start":{"line":340,"column":0},"end":{"line":340,"column":42}},"340":{"start":{"line":341,"column":0},"end":{"line":341,"column":63}},"341":{"start":{"line":342,"column":0},"end":{"line":342,"column":8}},"342":{"start":{"line":343,"column":0},"end":{"line":343,"column":6}},"343":{"start":{"line":344,"column":0},"end":{"line":344,"column":91}},"344":{"start":{"line":345,"column":0},"end":{"line":345,"column":73}},"345":{"start":{"line":346,"column":0},"end":{"line":346,"column":22}},"346":{"start":{"line":347,"column":0},"end":{"line":347,"column":50}},"347":{"start":{"line":348,"column":0},"end":{"line":348,"column":24}},"348":{"start":{"line":349,"column":0},"end":{"line":349,"column":50}},"349":{"start":{"line":350,"column":0},"end":{"line":350,"column":48}},"350":{"start":{"line":351,"column":0},"end":{"line":351,"column":43}},"351":{"start":{"line":352,"column":0},"end":{"line":352,"column":8}},"352":{"start":{"line":353,"column":0},"end":{"line":353,"column":6}},"353":{"start":{"line":354,"column":0},"end":{"line":354,"column":43}},"354":{"start":{"line":355,"column":0},"end":{"line":355,"column":22}},"355":{"start":{"line":356,"column":0},"end":{"line":356,"column":29}},"356":{"start":{"line":357,"column":0},"end":{"line":357,"column":23}},"357":{"start":{"line":358,"column":0},"end":{"line":358,"column":33}},"358":{"start":{"line":359,"column":0},"end":{"line":359,"column":30}},"359":{"start":{"line":360,"column":0},"end":{"line":360,"column":39}},"360":{"start":{"line":361,"column":0},"end":{"line":361,"column":8}},"361":{"start":{"line":362,"column":0},"end":{"line":362,"column":6}},"362":{"start":{"line":363,"column":0},"end":{"line":363,"column":25}},"363":{"start":{"line":364,"column":0},"end":{"line":364,"column":29}},"364":{"start":{"line":365,"column":0},"end":{"line":365,"column":22}},"365":{"start":{"line":366,"column":0},"end":{"line":366,"column":33}},"366":{"start":{"line":367,"column":0},"end":{"line":367,"column":28}},"367":{"start":{"line":368,"column":0},"end":{"line":368,"column":16}},"368":{"start":{"line":369,"column":0},"end":{"line":369,"column":10}},"369":{"start":{"line":370,"column":0},"end":{"line":370,"column":68}},"370":{"start":{"line":371,"column":0},"end":{"line":371,"column":8}},"371":{"start":{"line":372,"column":0},"end":{"line":372,"column":6}},"372":{"start":{"line":373,"column":0},"end":{"line":373,"column":25}},"373":{"start":{"line":374,"column":0},"end":{"line":374,"column":15}},"374":{"start":{"line":375,"column":0},"end":{"line":375,"column":5}},"375":{"start":{"line":376,"column":0},"end":{"line":376,"column":4}},"376":{"start":{"line":377,"column":0},"end":{"line":377,"column":35}},"377":{"start":{"line":378,"column":0},"end":{"line":378,"column":29}},"378":{"start":{"line":379,"column":0},"end":{"line":379,"column":38}},"379":{"start":{"line":380,"column":0},"end":{"line":380,"column":117}},"380":{"start":{"line":381,"column":0},"end":{"line":381,"column":39}},"381":{"start":{"line":382,"column":0},"end":{"line":382,"column":108}},"382":{"start":{"line":383,"column":0},"end":{"line":383,"column":70}},"383":{"start":{"line":384,"column":0},"end":{"line":384,"column":15}},"384":{"start":{"line":385,"column":0},"end":{"line":385,"column":42}},"385":{"start":{"line":386,"column":0},"end":{"line":386,"column":54}},"386":{"start":{"line":387,"column":0},"end":{"line":387,"column":93}},"387":{"start":{"line":388,"column":0},"end":{"line":388,"column":34}},"388":{"start":{"line":389,"column":0},"end":{"line":389,"column":114}},"389":{"start":{"line":390,"column":0},"end":{"line":390,"column":61}},"390":{"start":{"line":391,"column":0},"end":{"line":391,"column":5}},"391":{"start":{"line":392,"column":0},"end":{"line":392,"column":4}},"392":{"start":{"line":393,"column":0},"end":{"line":393,"column":28}},"393":{"start":{"line":394,"column":0},"end":{"line":394,"column":21}},"394":{"start":{"line":395,"column":0},"end":{"line":395,"column":25}},"395":{"start":{"line":396,"column":0},"end":{"line":396,"column":14}},"396":{"start":{"line":397,"column":0},"end":{"line":397,"column":5}},"397":{"start":{"line":398,"column":0},"end":{"line":398,"column":4}},"398":{"start":{"line":399,"column":0},"end":{"line":399,"column":12}},"399":{"start":{"line":400,"column":0},"end":{"line":400,"column":10}},"400":{"start":{"line":401,"column":0},"end":{"line":401,"column":47}},"401":{"start":{"line":402,"column":0},"end":{"line":402,"column":55}},"402":{"start":{"line":403,"column":0},"end":{"line":403,"column":42}},"403":{"start":{"line":404,"column":0},"end":{"line":404,"column":21}},"404":{"start":{"line":405,"column":0},"end":{"line":405,"column":27}},"405":{"start":{"line":406,"column":0},"end":{"line":406,"column":81}},"406":{"start":{"line":407,"column":0},"end":{"line":407,"column":11}},"407":{"start":{"line":408,"column":0},"end":{"line":408,"column":41}},"408":{"start":{"line":409,"column":0},"end":{"line":409,"column":85}},"409":{"start":{"line":410,"column":0},"end":{"line":410,"column":11}},"410":{"start":{"line":411,"column":0},"end":{"line":411,"column":10}},"411":{"start":{"line":412,"column":0},"end":{"line":412,"column":27}},"412":{"start":{"line":413,"column":0},"end":{"line":413,"column":30}},"413":{"start":{"line":414,"column":0},"end":{"line":414,"column":35}},"414":{"start":{"line":415,"column":0},"end":{"line":415,"column":35}},"415":{"start":{"line":416,"column":0},"end":{"line":416,"column":33}},"416":{"start":{"line":417,"column":0},"end":{"line":417,"column":33}},"417":{"start":{"line":418,"column":0},"end":{"line":418,"column":35}},"418":{"start":{"line":419,"column":0},"end":{"line":419,"column":29}},"419":{"start":{"line":420,"column":0},"end":{"line":420,"column":25}},"420":{"start":{"line":421,"column":0},"end":{"line":421,"column":46}},"421":{"start":{"line":422,"column":0},"end":{"line":422,"column":17}},"422":{"start":{"line":423,"column":0},"end":{"line":423,"column":7}},"423":{"start":{"line":424,"column":0},"end":{"line":424,"column":44}},"424":{"start":{"line":425,"column":0},"end":{"line":425,"column":59}},"425":{"start":{"line":426,"column":0},"end":{"line":426,"column":15}},"426":{"start":{"line":427,"column":0},"end":{"line":427,"column":76}},"427":{"start":{"line":428,"column":0},"end":{"line":428,"column":20}},"428":{"start":{"line":429,"column":0},"end":{"line":429,"column":61}},"429":{"start":{"line":430,"column":0},"end":{"line":430,"column":74}},"430":{"start":{"line":431,"column":0},"end":{"line":431,"column":31}},"431":{"start":{"line":432,"column":0},"end":{"line":432,"column":17}},"432":{"start":{"line":433,"column":0},"end":{"line":433,"column":47}},"433":{"start":{"line":434,"column":0},"end":{"line":434,"column":14}},"434":{"start":{"line":435,"column":0},"end":{"line":435,"column":12}},"435":{"start":{"line":436,"column":0},"end":{"line":436,"column":10}},"436":{"start":{"line":437,"column":0},"end":{"line":437,"column":8}},"437":{"start":{"line":438,"column":0},"end":{"line":438,"column":30}},"438":{"start":{"line":439,"column":0},"end":{"line":439,"column":70}},"439":{"start":{"line":440,"column":0},"end":{"line":440,"column":81}},"440":{"start":{"line":441,"column":0},"end":{"line":441,"column":102}},"441":{"start":{"line":442,"column":0},"end":{"line":442,"column":173}},"442":{"start":{"line":443,"column":0},"end":{"line":443,"column":18}},"443":{"start":{"line":444,"column":0},"end":{"line":444,"column":16}},"444":{"start":{"line":445,"column":0},"end":{"line":445,"column":10}},"445":{"start":{"line":446,"column":0},"end":{"line":446,"column":18}},"446":{"start":{"line":447,"column":0},"end":{"line":447,"column":12}},"447":{"start":{"line":448,"column":0},"end":{"line":448,"column":5}},"448":{"start":{"line":449,"column":0},"end":{"line":449,"column":3}},"449":{"start":{"line":450,"column":0},"end":{"line":450,"column":1}},"450":{"start":{"line":451,"column":0},"end":{"line":451,"column":0}},"451":{"start":{"line":452,"column":0},"end":{"line":452,"column":41}},"452":{"start":{"line":453,"column":0},"end":{"line":453,"column":0}},"453":{"start":{"line":454,"column":0},"end":{"line":454,"column":47}},"454":{"start":{"line":455,"column":0},"end":{"line":455,"column":63}},"455":{"start":{"line":456,"column":0},"end":{"line":456,"column":0}},"456":{"start":{"line":457,"column":0},"end":{"line":457,"column":37}},"457":{"start":{"line":458,"column":0},"end":{"line":458,"column":150}},"458":{"start":{"line":459,"column":0},"end":{"line":459,"column":17}},"459":{"start":{"line":460,"column":0},"end":{"line":460,"column":13}},"460":{"start":{"line":461,"column":0},"end":{"line":461,"column":21}},"461":{"start":{"line":462,"column":0},"end":{"line":462,"column":23}},"462":{"start":{"line":463,"column":0},"end":{"line":463,"column":15}},"463":{"start":{"line":464,"column":0},"end":{"line":464,"column":9}},"464":{"start":{"line":465,"column":0},"end":{"line":465,"column":10}},"465":{"start":{"line":466,"column":0},"end":{"line":466,"column":14}},"466":{"start":{"line":467,"column":0},"end":{"line":467,"column":4}},"467":{"start":{"line":468,"column":0},"end":{"line":468,"column":2}},"468":{"start":{"line":469,"column":0},"end":{"line":469,"column":53}},"469":{"start":{"line":470,"column":0},"end":{"line":470,"column":0}},"470":{"start":{"line":471,"column":0},"end":{"line":471,"column":135}},"471":{"start":{"line":472,"column":0},"end":{"line":472,"column":17}},"472":{"start":{"line":473,"column":0},"end":{"line":473,"column":13}},"473":{"start":{"line":474,"column":0},"end":{"line":474,"column":19}},"474":{"start":{"line":475,"column":0},"end":{"line":475,"column":19}},"475":{"start":{"line":476,"column":0},"end":{"line":476,"column":15}},"476":{"start":{"line":477,"column":0},"end":{"line":477,"column":9}},"477":{"start":{"line":478,"column":0},"end":{"line":478,"column":14}},"478":{"start":{"line":479,"column":0},"end":{"line":479,"column":4}},"479":{"start":{"line":480,"column":0},"end":{"line":480,"column":2}},"480":{"start":{"line":481,"column":0},"end":{"line":481,"column":49}},"481":{"start":{"line":482,"column":0},"end":{"line":482,"column":0}},"482":{"start":{"line":483,"column":0},"end":{"line":483,"column":149}},"483":{"start":{"line":484,"column":0},"end":{"line":484,"column":17}},"484":{"start":{"line":485,"column":0},"end":{"line":485,"column":13}},"485":{"start":{"line":486,"column":0},"end":{"line":486,"column":20}},"486":{"start":{"line":487,"column":0},"end":{"line":487,"column":23}},"487":{"start":{"line":488,"column":0},"end":{"line":488,"column":15}},"488":{"start":{"line":489,"column":0},"end":{"line":489,"column":9}},"489":{"start":{"line":490,"column":0},"end":{"line":490,"column":10}},"490":{"start":{"line":491,"column":0},"end":{"line":491,"column":14}},"491":{"start":{"line":492,"column":0},"end":{"line":492,"column":4}},"492":{"start":{"line":493,"column":0},"end":{"line":493,"column":2}},"493":{"start":{"line":494,"column":0},"end":{"line":494,"column":51}},"494":{"start":{"line":495,"column":0},"end":{"line":495,"column":0}},"495":{"start":{"line":496,"column":0},"end":{"line":496,"column":139}},"496":{"start":{"line":497,"column":0},"end":{"line":497,"column":17}},"497":{"start":{"line":498,"column":0},"end":{"line":498,"column":13}},"498":{"start":{"line":499,"column":0},"end":{"line":499,"column":15}},"499":{"start":{"line":500,"column":0},"end":{"line":500,"column":9}},"500":{"start":{"line":501,"column":0},"end":{"line":501,"column":10}},"501":{"start":{"line":502,"column":0},"end":{"line":502,"column":10}},"502":{"start":{"line":503,"column":0},"end":{"line":503,"column":14}},"503":{"start":{"line":504,"column":0},"end":{"line":504,"column":4}},"504":{"start":{"line":505,"column":0},"end":{"line":505,"column":2}},"505":{"start":{"line":506,"column":0},"end":{"line":506,"column":61}},"506":{"start":{"line":507,"column":0},"end":{"line":507,"column":0}},"507":{"start":{"line":508,"column":0},"end":{"line":508,"column":123}},"508":{"start":{"line":509,"column":0},"end":{"line":509,"column":17}},"509":{"start":{"line":510,"column":0},"end":{"line":510,"column":13}},"510":{"start":{"line":511,"column":0},"end":{"line":511,"column":23}},"511":{"start":{"line":512,"column":0},"end":{"line":512,"column":17}},"512":{"start":{"line":513,"column":0},"end":{"line":513,"column":18}},"513":{"start":{"line":514,"column":0},"end":{"line":514,"column":14}},"514":{"start":{"line":515,"column":0},"end":{"line":515,"column":4}},"515":{"start":{"line":516,"column":0},"end":{"line":516,"column":2}},"516":{"start":{"line":517,"column":0},"end":{"line":517,"column":51}},"517":{"start":{"line":518,"column":0},"end":{"line":518,"column":0}},"518":{"start":{"line":519,"column":0},"end":{"line":519,"column":122}},"519":{"start":{"line":520,"column":0},"end":{"line":520,"column":17}},"520":{"start":{"line":521,"column":0},"end":{"line":521,"column":13}},"521":{"start":{"line":522,"column":0},"end":{"line":522,"column":16}},"522":{"
[...]
,"/Users/memo/projects/liquid-ui/packages/react/src/hooks/useInteractiveGlass.ts": {"path":"/Users/memo/projects/liquid-ui/packages/react/src/hooks/useInteractiveGlass.ts","all":false,"statementMap":{"0":{"start":{"line":1,"column":0},"end":{"line":1,"column":59}},"1":{"start":{"line":2,"column":0},"end":{"line":2,"column":61}},"2":{"start":{"line":3,"column":0},"end":{"line":3,"column":44}},"3":{"start":{"line":4,"column":0},"end":{"line":4,"column":0}},"4":{"start":{"line":5,"column":0},"end":{"line":5,"column":36}},"5":{"start":{"line":6,"column":0},"end":{"line":6,"column":36}},"6":{"start":{"line":7,"column":0},"end":{"line":7,"column":19}},"7":{"start":{"line":8,"column":0},"end":{"line":8,"column":40}},"8":{"start":{"line":9,"column":0},"end":{"line":9,"column":21}},"9":{"start":{"line":10,"column":0},"end":{"line":10,"column":1}},"10":{"start":{"line":11,"column":0},"end":{"line":11,"column":0}},"11":{"start":{"line":12,"column":0},"end":{"line":12,"column":3}},"12":{"start":{"line":13,"column":0},"end":{"line":13,"column":67}},"13":{"start":{"line":14,"column":0},"end":{"line":14,"column":3}},"14":{"start":{"line":15,"column":0},"end":{"line":15,"column":72}},"15":{"start":{"line":16,"column":0},"end":{"line":16,"column":67}},"16":{"start":{"line":17,"column":0},"end":{"line":17,"column":3}},"17":{"start":{"line":18,"column":0},"end":{"line":18,"column":37}},"18":{"start":{"line":19,"column":0},"end":{"line":19,"column":13}},"19":{"start":{"line":20,"column":0},"end":{"line":20,"column":17}},"20":{"start":{"line":21,"column":0},"end":{"line":21,"column":10}},"21":{"start":{"line":22,"column":0},"end":{"line":22,"column":27}},"22":{"start":{"line":23,"column":0},"end":{"line":23,"column":30}},"23":{"start":{"line":24,"column":0},"end":{"line":24,"column":56}},"24":{"start":{"line":25,"column":0},"end":{"line":25,"column":36}},"25":{"start":{"line":26,"column":0},"end":{"line":26,"column":2}},"26":{"start":{"line":27,"column":0},"end":{"line":27,"column":49}},"27":{"start":{"line":28,"column":0},"end":{"line":28,"column":41}},"28":{"start":{"line":29,"column":0},"end":{"line":29,"column":40}},"29":{"start":{"line":30,"column":0},"end":{"line":30,"column":49}},"30":{"start":{"line":31,"column":0},"end":{"line":31,"column":6}},"31":{"start":{"line":32,"column":0},"end":{"line":32,"column":40}},"32":{"start":{"line":33,"column":0},"end":{"line":33,"column":52}},"33":{"start":{"line":34,"column":0},"end":{"line":34,"column":6}},"34":{"start":{"line":35,"column":0},"end":{"line":35,"column":61}},"35":{"start":{"line":36,"column":0},"end":{"line":36,"column":60}},"36":{"start":{"line":37,"column":0},"end":{"line":37,"column":22}},"37":{"start":{"line":38,"column":0},"end":{"line":38,"column":9}},"38":{"start":{"line":39,"column":0},"end":{"line":39,"column":25}},"39":{"start":{"line":40,"column":0},"end":{"line":40,"column":24}},"40":{"start":{"line":41,"column":0},"end":{"line":41,"column":30}},"41":{"start":{"line":42,"column":0},"end":{"line":42,"column":31}},"42":{"start":{"line":43,"column":0},"end":{"line":43,"column":9}},"43":{"start":{"line":44,"column":0},"end":{"line":44,"column":7}},"44":{"start":{"line":45,"column":0},"end":{"line":45,"column":6}},"45":{"start":{"line":46,"column":0},"end":{"line":46,"column":51}},"46":{"start":{"line":47,"column":0},"end":{"line":47,"column":95}},"47":{"start":{"line":48,"column":0},"end":{"line":48,"column":96}},"48":{"start":{"line":49,"column":0},"end":{"line":49,"column":6}},"49":{"start":{"line":50,"column":0},"end":{"line":50,"column":59}},"50":{"start":{"line":51,"column":0},"end":{"line":51,"column":164}},"51":{"start":{"line":52,"column":0},"end":{"line":52,"column":19}},"52":{"start":{"line":53,"column":0},"end":{"line":53,"column":37}},"53":{"start":{"line":54,"column":0},"end":{"line":54,"column":3}},"54":{"start":{"line":55,"column":0},"end":{"line":55,"column":2}},"55":{"start":{"line":56,"column":0},"end":{"line":56,"column":46}},"56":{"start":{"line":57,"column":0},"end":{"line":57,"column":24}},"57":{"start":{"line":58,"column":0},"end":{"line":58,"column":4}},"58":{"start":{"line":59,"column":0},"end":{"line":59,"column":31}},"59":{"start":{"line":60,"column":0},"end":{"line":60,"column":19}},"60":{"start":{"line":61,"column":0},"end":{"line":61,"column":4}},"61":{"start":{"line":62,"column":0},"end":{"line":62,"column":29}},"62":{"start":{"line":63,"column":0},"end":{"line":63,"column":91}},"63":{"start":{"line":64,"column":0},"end":{"line":64,"column":5}},"64":{"start":{"line":65,"column":0},"end":{"line":65,"column":36}},"65":{"start":{"line":66,"column":0},"end":{"line":66,"column":2}},"66":{"start":{"line":67,"column":0},"end":{"line":67,"column":46}},"67":{"start":{"line":68,"column":0},"end":{"line":68,"column":24}},"68":{"start":{"line":69,"column":0},"end":{"line":69,"column":4}},"69":{"start":{"line":70,"column":0},"end":{"line":70,"column":32}},"70":{"start":{"line":71,"column":0},"end":{"line":71,"column":20}},"71":{"start":{"line":72,"column":0},"end":{"line":72,"column":4}},"72":{"start":{"line":73,"column":0},"end":{"line":73,"column":29}},"73":{"start":{"line":74,"column":0},"end":{"line":74,"column":47}},"74":{"start":{"line":75,"column":0},"end":{"line":75,"column":108}},"75":{"start":{"line":76,"column":0},"end":{"line":76,"column":6}},"76":{"start":{"line":77,"column":0},"end":{"line":77,"column":44}},"77":{"start":{"line":78,"column":0},"end":{"line":78,"column":24}},"78":{"start":{"line":79,"column":0},"end":{"line":79,"column":58}},"79":{"start":{"line":80,"column":0},"end":{"line":80,"column":50}},"80":{"start":{"line":81,"column":0},"end":{"line":81,"column":9}},"81":{"start":{"line":82,"column":0},"end":{"line":82,"column":13}},"82":{"start":{"line":83,"column":0},"end":{"line":83,"column":5}},"83":{"start":{"line":84,"column":0},"end":{"line":84,"column":36}},"84":{"start":{"line":85,"column":0},"end":{"line":85,"column":2}},"85":{"start":{"line":86,"column":0},"end":{"line":86,"column":64}},"86":{"start":{"line":87,"column":0},"end":{"line":87,"column":24}},"87":{"start":{"line":88,"column":0},"end":{"line":88,"column":4}},"88":{"start":{"line":89,"column":0},"end":{"line":89,"column":34}},"89":{"start":{"line":90,"column":0},"end":{"line":90,"column":19}},"90":{"start":{"line":91,"column":0},"end":{"line":91,"column":18}},"91":{"start":{"line":92,"column":0},"end":{"line":92,"column":5}},"92":{"start":{"line":93,"column":0},"end":{"line":93,"column":4}},"93":{"start":{"line":94,"column":0},"end":{"line":94,"column":37}},"94":{"start":{"line":95,"column":0},"end":{"line":95,"column":35}},"95":{"start":{"line":96,"column":0},"end":{"line":96,"column":2}},"96":{"start":{"line":97,"column":0},"end":{"line":97,"column":10}},"97":{"start":{"line":98,"column":0},"end":{"line":98,"column":21}},"98":{"start":{"line":99,"column":0},"end":{"line":99,"column":21}},"99":{"start":{"line":100,"column":0},"end":{"line":100,"column":19}},"100":{"start":{"line":101,"column":0},"end":{"line":101,"column":3}},"101":{"start":{"line":102,"column":0},"end":{"line":102,"column":1}}},"s":{"0":1,"1":1,"2":1,"3":1,"4":1,"5":1,"6":1,"7":1,"8":1,"9":1,"10":1,"11":1,"12":1,"13":1,"14":1,"15":1,"16":1,"17":1,"18":799,"19":799,"20":799,"21":799,"22":799,"23":799,"24":799,"25":799,"26":799,"27":799,"28":799,"29":7,"30":7,"31":7,"32":7,"33":7,"34":7,"35":7,"36":7,"37":7,"38":7,"39":7,"40":7,"41":7,"42":7,"43":7,"44":7,"45":7,"46":7,"47":7,"48":7,"49":7,"50":7,"51":799,"52":799,"53":799,"54":799,"55":799,"56":24,"57":13,"58":13,"59":13,"60":24,"61":24,"62":13,"63":13,"64":799,"65":799,"66":799,"67":0,"68":0,"69":0,"70":0,"71":0,"72":0,"73":0,"74":0,"75":0,"76":0,"77":0,"78":0,"79":0,"80":0,"81":0,"82":0,"83":799,"84":799,"85":799,"86":124,"87":13,"88":13,"89":13,"90":13,"91":13,"92":13,"93":13,"94":799,"95":799,"96":799,"97":799,"98":799,"99":799,"100":799,"101":799},"branchMap":{"0":{"type":"branch","line":18,"loc":{"start":{"line":18,"column":7},"end":{"line":102,"column":1}},"locations":[{"start":{"line":18,"column":7},"end":{"line":102,"column":1}}]},"1":{"type":"branch","line":29,"loc":{"start":{"line":29,"column":13},"end":{"line":52,"column":7}},"locations":[{"start":{"line":29,"column":13},"end":{"line":52,"column":7}}]},"2":{"type":"branch","line":30,"loc":{"start":{"line":30,"column":43},"end":{"line":30,"column":49}},"locations":[{"start":{"line":30,"column":43},"end":{"line":30,"column":49}}]},"3":{"type":"branch","line":56,"loc":{"start":{"line":56,"column":39},"end":{"line":65,"column":5}},"locations":[{"start":{"line":56,"column":39},"end":{"line":65,"column":5}}]},"4":{"type":"branch","line":57,"loc":{"start":{"line":57,"column":18},"end":{"line":57,"column":24}},"locations":[{"start":{"line":57,"column":18},"end":{"line":57,"column":24}}]},"5":{"type":"branch","line":57,"loc":{"start":{"line":57,"column":18},"end":{"line":60,"column":19}},"locations":[{"start":{"line":57,"column":18},"end":{"line":60,"column":19}}]},"6":{"type":"branch","line":62,"loc":{"start":{"line":62,"column":28},"end":{"line":64,"column":5}},"locations":[{"start":{"line":62,"column":28},"end":{"line":64,"column":5}}]},"7":{"type":"branch","line":86,"loc":{"start":{"line":86,"column":38},"end":{"line":95,"column":5}},"locations":[{"start":{"line":86,"column":38},"end":{"line":95,"column":5}}]},"8":{"type":"branch","line":87,"loc":{"start":{"line":87,"column":18},"end":{"line":87,"column":24}},"locations":[{"start":{"line":87,"column":18},"end":{"line":87,"column":24}}]},"9":{"type":"branch","line":87,"loc":{"start":{"line":87,"column":18},"end":{"line":94,"column":37}},"locations":[{"start":{"line":87,"column":18},"end":{"line":94,"column":37}}]}},"b":{"0":[799],"1":[7],"2":[0],"3":[24],"4":[11],"5":[13],"6":[13],"7":[124],"8":[111],"9":[13]},"fnMap":{"0":{"name":"useInteractiveGlass","decl":{"start":{"line":18,"column":7},"end":{"line":102,"column":1}},"loc":{"start":{"line":18,"column":7},"end":{"line":102,"column":1}},"line":18}},"f":{"0":799}}
,"/Users/memo/projects/liquid-ui/packages/react/src/hooks/useLiquidGlass.ts": {"path":"/Users/memo/projects/liquid-ui/packages/react/src/hooks/useLiquidGlass.ts","all":false,"statementMap":{"0":{"start":{"line":1,"column":0},"end":{"line":1,"column":52}},"1":{"start":{"line":2,"column":0},"end":{"line":2,"column":51}},"2":{"start":{"line":3,"column":0},"end":{"line":3,"column":50}},"3":{"start":{"line":4,"column":0},"end":{"line":4,"column":0}},"4":{"start":{"line":5,"column":0},"end":{"line":5,"column":3}},"5":{"start":{"line":6,"column":0},"end":{"line":6,"column":75}},"6":{"start":{"line":7,"column":0},"end":{"line":7,"column":3}},"7":{"start":{"line":8,"column":0},"end":{"line":8,"column":69}},"8":{"start":{"line":9,"column":0},"end":{"line":9,"column":58}},"9":{"start":{"line":10,"column":0},"end":{"line":10,"column":3}},"10":{"start":{"line":11,"column":0},"end":{"line":11,"column":62}},"11":{"start":{"line":12,"column":0},"end":{"line":12,"column":3}},"12":{"start":{"line":13,"column":0},"end":{"line":13,"column":53}},"13":{"start":{"line":14,"column":0},"end":{"line":14,"column":78}},"14":{"start":{"line":15,"column":0},"end":{"line":15,"column":85}},"15":{"start":{"line":16,"column":0},"end":{"line":16,"column":53}},"16":{"start":{"line":17,"column":0},"end":{"line":17,"column":67}},"17":{"start":{"line":18,"column":0},"end":{"line":18,"column":2}},"18":{"start":{"line":19,"column":0},"end":{"line":19,"column":74}},"19":{"start":{"line":20,"column":0},"end":{"line":20,"column":19}},"20":{"start":{"line":21,"column":0},"end":{"line":21,"column":21}},"21":{"start":{"line":22,"column":0},"end":{"line":22,"column":23}},"22":{"start":{"line":23,"column":0},"end":{"line":23,"column":5}},"23":{"start":{"line":24,"column":0},"end":{"line":24,"column":17}},"24":{"start":{"line":25,"column":0},"end":{"line":25,"column":2}},"25":{"start":{"line":26,"column":0},"end":{"line":26,"column":37}},"26":{"start":{"line":27,"column":0},"end":{"line":27,"column":64}},"27":{"start":{"line":28,"column":0},"end":{"line":28,"column":82}},"28":{"start":{"line":29,"column":0},"end":{"line":29,"column":52}},"29":{"start":{"line":30,"column":0},"end":{"line":30,"column":32}},"30":{"start":{"line":31,"column":0},"end":{"line":31,"column":2}},"31":{"start":{"line":32,"column":0},"end":{"line":32,"column":53}},"32":{"start":{"line":33,"column":0},"end":{"line":33,"column":38}},"33":{"start":{"line":34,"column":0},"end":{"line":34,"column":21}},"34":{"start":{"line":35,"column":0},"end":{"line":35,"column":30}},"35":{"start":{"line":36,"column":0},"end":{"line":36,"column":15}},"36":{"start":{"line":37,"column":0},"end":{"line":37,"column":21}},"37":{"start":{"line":38,"column":0},"end":{"line":38,"column":38}},"38":{"start":{"line":39,"column":0},"end":{"line":39,"column":5}},"39":{"start":{"line":40,"column":0},"end":{"line":40,"column":4}},"40":{"start":{"line":41,"column":0},"end":{"line":41,"column":45}},"41":{"start":{"line":42,"column":0},"end":{"line":42,"column":31}},"42":{"start":{"line":43,"column":0},"end":{"line":43,"column":19}},"43":{"start":{"line":44,"column":0},"end":{"line":44,"column":41}},"44":{"start":{"line":45,"column":0},"end":{"line":45,"column":13}},"45":{"start":{"line":46,"column":0},"end":{"line":46,"column":21}},"46":{"start":{"line":47,"column":0},"end":{"line":47,"column":41}},"47":{"start":{"line":48,"column":0},"end":{"line":48,"column":13}},"48":{"start":{"line":49,"column":0},"end":{"line":49,"column":20}},"49":{"start":{"line":50,"column":0},"end":{"line":50,"column":41}},"50":{"start":{"line":51,"column":0},"end":{"line":51,"column":13}},"51":{"start":{"line":52,"column":0},"end":{"line":52,"column":5}},"52":{"start":{"line":53,"column":0},"end":{"line":53,"column":4}},"53":{"start":{"line":54,"column":0},"end":{"line":54,"column":40}},"54":{"start":{"line":55,"column":0},"end":{"line":55,"column":29}},"55":{"start":{"line":56,"column":0},"end":{"line":56,"column":21}},"56":{"start":{"line":57,"column":0},"end":{"line":57,"column":42}},"57":{"start":{"line":58,"column":0},"end":{"line":58,"column":13}},"58":{"start":{"line":59,"column":0},"end":{"line":59,"column":19}},"59":{"start":{"line":60,"column":0},"end":{"line":60,"column":42}},"60":{"start":{"line":61,"column":0},"end":{"line":61,"column":13}},"61":{"start":{"line":62,"column":0},"end":{"line":62,"column":20}},"62":{"start":{"line":63,"column":0},"end":{"line":63,"column":45}},"63":{"start":{"line":64,"column":0},"end":{"line":64,"column":13}},"64":{"start":{"line":65,"column":0},"end":{"line":65,"column":5}},"65":{"start":{"line":66,"column":0},"end":{"line":66,"column":4}},"66":{"start":{"line":67,"column":0},"end":{"line":67,"column":18}},"67":{"start":{"line":68,"column":0},"end":{"line":68,"column":14}},"68":{"start":{"line":69,"column":0},"end":{"line":69,"column":2}},"69":{"start":{"line":70,"column":0},"end":{"line":70,"column":38}},"70":{"start":{"line":71,"column":0},"end":{"line":71,"column":1}}},"s":{"0":1,"1":1,"2":1,"3":1,"4":1,"5":1,"6":1,"7":1,"8":1,"9":1,"10":1,"11":1,"12":1,"13":1207,"14":1207,"15":1207,"16":1207,"17":1207,"18":1207,"19":1207,"20":559,"21":0,"22":0,"23":1207,"24":1207,"25":1207,"26":1207,"27":1207,"28":1207,"29":1207,"30":1207,"31":1207,"32":1207,"33":1207,"34":1207,"35":1207,"36":1207,"37":1207,"38":1207,"39":1207,"40":1207,"41":1207,"42":1207,"43":382,"44":382,"45":1207,"46":618,"47":618,"48":1207,"49":207,"50":207,"51":1207,"52":1207,"53":1207,"54":1207,"55":1207,"56":992,"57":992,"58":1207,"59":7,"60":7,"61":1207,"62":4,"63":4,"64":1207,"65":1207,"66":1207,"67":1207,"68":1207,"69":1207,"70":1207},"branchMap":{"0":{"type":"branch","line":13,"loc":{"start":{"line":13,"column":7},"end":{"line":71,"column":1}},"locations":[{"start":{"line":13,"column":7},"end":{"line":71,"column":1}}]},"1":{"type":"branch","line":17,"loc":{"start":{"line":17,"column":25},"end":{"line":17,"column":64}},"locations":[{"start":{"line":17,"column":25},"end":{"line":17,"column":64}}]},"2":{"type":"branch","line":20,"loc":{"start":{"line":20,"column":12},"end":{"line":24,"column":5}},"locations":[{"start":{"line":20,"column":12},"end":{"line":24,"column":5}}]},"3":{"type":"branch","line":21,"loc":{"start":{"line":21,"column":20},"end":{"line":23,"column":5}},"locations":[{"start":{"line":21,"column":20},"end":{"line":23,"column":5}}]},"4":{"type":"branch","line":26,"loc":{"start":{"line":26,"column":30},"end":{"line":30,"column":5}},"locations":[{"start":{"line":26,"column":30},"end":{"line":30,"column":5}}]},"5":{"type":"branch","line":28,"loc":{"start":{"line":28,"column":40},"end":{"line":28,"column":82}},"locations":[{"start":{"line":28,"column":40},"end":{"line":28,"column":82}}]},"6":{"type":"branch","line":33,"loc":{"start":{"line":33,"column":31},"end":{"line":68,"column":5}},"locations":[{"start":{"line":33,"column":31},"end":{"line":68,"column":5}}]},"7":{"type":"branch","line":43,"loc":{"start":{"line":43,"column":6},"end":{"line":45,"column":13}},"locations":[{"start":{"line":43,"column":6},"end":{"line":45,"column":13}}]},"8":{"type":"branch","line":46,"loc":{"start":{"line":46,"column":6},"end":{"line":48,"column":13}},"locations":[{"start":{"line":46,"column":6},"end":{"line":48,"column":13}}]},"9":{"type":"branch","line":49,"loc":{"start":{"line":49,"column":6},"end":{"line":51,"column":13}},"locations":[{"start":{"line":49,"column":6},"end":{"line":51,"column":13}}]},"10":{"type":"branch","line":56,"loc":{"start":{"line":56,"column":6},"end":{"line":58,"column":13}},"locations":[{"start":{"line":56,"column":6},"end":{"line":58,"column":13}}]},"11":{"type":"branch","line":59,"loc":{"start":{"line":59,"column":6},"end":{"line":61,"column":13}},"locations":[{"start":{"line":59,"column":6},"end":{"line":61,"column":13}}]},"12":{"type":"branch","line":62,"loc":{"start":{"line":62,"column":6},"end":{"line":64,"column":13}},"locations":[{"start":{"line":62,"column":6},"end":{"line":64,"column":13}}]}},"b":{"0":[1207],"1":[559],"2":[559],"3":[0],"4":[1207],"5":[0],"6":[1207],"7":[382],"8":[618],"9":[207],"10":[992],"11":[7],"12":[4]},"fnMap":{"0":{"name":"useLiquidGlass","decl":{"start":{"line":13,"column":7},"end":{"line":71,"column":1}},"loc":{"start":{"line":13,"column":7},"end":{"line":71,"column":1}},"line":13}},"f":{"0":1207}}
}
